<?xml version="1.0" encoding="UTF-8"?>
<coverage generated="1657235999522" clover="3.2.0">
  <project timestamp="1657235999522" name="All files">
    <metrics statements="45" coveredstatements="45" conditionals="10" coveredconditionals="10" methods="7" coveredmethods="7" elements="62" coveredelements="62" complexity="0" loc="45" ncloc="45" packages="1" files="1" classes="1"/>
    <file name="List.js" path="/Users/mattallen/Development/list-app/frontend/src/List/List.js">
      <metrics statements="45" coveredstatements="45" conditionals="10" coveredconditionals="10" methods="7" coveredmethods="7"/>
      <line num="6" count="3" type="stmt"/>
      <line num="9" count="46" type="stmt"/>
      <line num="12" count="46" type="stmt"/>
      <line num="13" count="46" type="stmt"/>
      <line num="14" count="46" type="stmt"/>
      <line num="15" count="46" type="stmt"/>
      <line num="16" count="46" type="stmt"/>
      <line num="20" count="46" type="stmt"/>
      <line num="22" count="2" type="stmt"/>
      <line num="25" count="2" type="stmt"/>
      <line num="27" count="2" type="stmt"/>
      <line num="30" count="2" type="cond" truecount="2" falsecount="0"/>
      <line num="31" count="1" type="stmt"/>
      <line num="32" count="1" type="stmt"/>
      <line num="34" count="1" type="stmt"/>
      <line num="38" count="2" type="stmt"/>
      <line num="43" count="46" type="stmt"/>
      <line num="45" count="2" type="stmt"/>
      <line num="48" count="2" type="stmt"/>
      <line num="50" count="2" type="stmt"/>
      <line num="53" count="2" type="cond" truecount="2" falsecount="0"/>
      <line num="54" count="1" type="stmt"/>
      <line num="55" count="1" type="stmt"/>
      <line num="57" count="1" type="stmt"/>
      <line num="58" count="1" type="stmt"/>
      <line num="62" count="2" type="stmt"/>
      <line num="67" count="46" type="stmt"/>
      <line num="70" count="4" type="cond" truecount="2" falsecount="0"/>
      <line num="71" count="1" type="stmt"/>
      <line num="72" count="1" type="stmt"/>
      <line num="73" count="1" type="stmt"/>
      <line num="77" count="3" type="cond" truecount="2" falsecount="0"/>
      <line num="78" count="1" type="stmt"/>
      <line num="79" count="1" type="stmt"/>
      <line num="83" count="2" type="stmt"/>
      <line num="86" count="2" type="stmt"/>
      <line num="88" count="2" type="stmt"/>
      <line num="91" count="2" type="cond" truecount="2" falsecount="0"/>
      <line num="92" count="1" type="stmt"/>
      <line num="93" count="1" type="stmt"/>
      <line num="94" count="1" type="stmt"/>
      <line num="96" count="1" type="stmt"/>
      <line num="97" count="1" type="stmt"/>
      <line num="101" count="2" type="stmt"/>
      <line num="104" count="46" type="stmt"/>
    </file>
  </project>
</coverage>
