<?xml version="1.0" encoding="UTF-8"?>
<coverage generated="1659672782615" clover="3.2.0">
  <project timestamp="1659672782615" name="All files">
    <metrics statements="98" coveredstatements="98" conditionals="32" coveredconditionals="32" methods="23" coveredmethods="23" elements="153" coveredelements="153" complexity="0" loc="98" ncloc="98" packages="4" files="4" classes="4"/>
    <package name="List">
      <metrics statements="57" coveredstatements="57" conditionals="14" coveredconditionals="14" methods="13" coveredmethods="13"/>
      <file name="List.js" path="/Users/mattallen/Development/list-app/frontend/src/List/List.js">
        <metrics statements="57" coveredstatements="57" conditionals="14" coveredconditionals="14" methods="13" coveredmethods="13"/>
        <line num="6" count="2" type="stmt"/>
        <line num="9" count="48" type="stmt"/>
        <line num="12" count="48" type="stmt"/>
        <line num="13" count="48" type="stmt"/>
        <line num="14" count="48" type="stmt"/>
        <line num="15" count="48" type="stmt"/>
        <line num="16" count="48" type="stmt"/>
        <line num="19" count="48" type="stmt"/>
        <line num="23" count="2" type="stmt"/>
        <line num="27" count="2" type="stmt"/>
        <line num="28" count="2" type="stmt"/>
        <line num="31" count="2" type="cond" truecount="2" falsecount="0"/>
        <line num="32" count="1" type="stmt"/>
        <line num="33" count="1" type="stmt"/>
        <line num="35" count="1" type="stmt"/>
        <line num="36" count="2" type="cond" truecount="2" falsecount="0"/>
        <line num="39" count="1" type="stmt"/>
        <line num="40" count="1" type="stmt"/>
        <line num="42" count="1" type="stmt"/>
        <line num="46" count="2" type="stmt"/>
        <line num="51" count="48" type="stmt"/>
        <line num="53" count="3" type="stmt"/>
        <line num="54" count="1" type="stmt"/>
        <line num="59" count="3" type="stmt"/>
        <line num="60" count="3" type="stmt"/>
        <line num="63" count="3" type="cond" truecount="2" falsecount="0"/>
        <line num="64" count="2" type="stmt"/>
        <line num="66" count="2" type="stmt"/>
        <line num="69" count="2" type="stmt"/>
        <line num="70" count="4" type="cond" truecount="2" falsecount="0"/>
        <line num="71" count="2" type="stmt"/>
        <line num="74" count="2" type="stmt"/>
        <line num="76" count="2" type="stmt"/>
        <line num="78" count="1" type="stmt"/>
        <line num="79" count="1" type="stmt"/>
        <line num="83" count="3" type="stmt"/>
        <line num="87" count="48" type="stmt"/>
        <line num="90" count="3" type="cond" truecount="2" falsecount="0"/>
        <line num="91" count="1" type="stmt"/>
        <line num="92" count="1" type="stmt"/>
        <line num="93" count="1" type="stmt"/>
        <line num="97" count="2" type="stmt"/>
        <line num="101" count="2" type="stmt"/>
        <line num="102" count="2" type="stmt"/>
        <line num="105" count="2" type="cond" truecount="2" falsecount="0"/>
        <line num="106" count="1" type="stmt"/>
        <line num="107" count="1" type="stmt"/>
        <line num="110" count="1" type="stmt"/>
        <line num="111" count="1" type="stmt"/>
        <line num="112" count="2" type="cond" truecount="2" falsecount="0"/>
        <line num="114" count="1" type="stmt"/>
        <line num="117" count="1" type="stmt"/>
        <line num="118" count="1" type="stmt"/>
        <line num="120" count="1" type="stmt"/>
        <line num="121" count="1" type="stmt"/>
        <line num="125" count="2" type="stmt"/>
        <line num="128" count="48" type="stmt"/>
      </file>
    </package>
    <package name="ListGrid">
      <metrics statements="8" coveredstatements="8" conditionals="8" coveredconditionals="8" methods="4" coveredmethods="4"/>
      <file name="ListGrid.js" path="/Users/mattallen/Development/list-app/frontend/src/ListGrid/ListGrid.js">
        <metrics statements="8" coveredstatements="8" conditionals="8" coveredconditionals="8" methods="4" coveredmethods="4"/>
        <line num="6" count="2" type="stmt"/>
        <line num="9" count="20" type="stmt"/>
        <line num="12" count="20" type="stmt"/>
        <line num="13" count="17" type="stmt"/>
        <line num="14" count="27" type="stmt"/>
        <line num="25" count="20" type="stmt"/>
        <line num="26" count="17" type="stmt"/>
        <line num="37" count="20" type="stmt"/>
      </file>
    </package>
    <package name="NewListInput">
      <metrics statements="29" coveredstatements="29" conditionals="10" coveredconditionals="10" methods="3" coveredmethods="3"/>
      <file name="NewListInput.js" path="/Users/mattallen/Development/list-app/frontend/src/NewListInput/NewListInput.js">
        <metrics statements="29" coveredstatements="29" conditionals="10" coveredconditionals="10" methods="3" coveredmethods="3"/>
        <line num="7" count="2" type="stmt"/>
        <line num="10" count="59" type="stmt"/>
        <line num="13" count="59" type="stmt"/>
        <line num="14" count="59" type="stmt"/>
        <line num="15" count="59" type="stmt"/>
        <line num="16" count="59" type="stmt"/>
        <line num="19" count="59" type="stmt"/>
        <line num="20" count="5" type="stmt"/>
        <line num="23" count="5" type="cond" truecount="2" falsecount="0"/>
        <line num="24" count="1" type="stmt"/>
        <line num="25" count="1" type="stmt"/>
        <line num="26" count="1" type="stmt"/>
        <line num="27" count="1" type="stmt"/>
        <line num="31" count="4" type="cond" truecount="4" falsecount="0"/>
        <line num="32" count="1" type="stmt"/>
        <line num="33" count="1" type="stmt"/>
        <line num="34" count="1" type="stmt"/>
        <line num="39" count="3" type="stmt"/>
        <line num="41" count="3" type="stmt"/>
        <line num="44" count="3" type="cond" truecount="2" falsecount="0"/>
        <line num="45" count="2" type="stmt"/>
        <line num="48" count="2" type="stmt"/>
        <line num="49" count="2" type="cond" truecount="2" falsecount="0"/>
        <line num="50" count="2" type="stmt"/>
        <line num="53" count="2" type="stmt"/>
        <line num="54" count="2" type="stmt"/>
        <line num="56" count="1" type="stmt"/>
        <line num="59" count="3" type="stmt"/>
        <line num="63" count="59" type="stmt"/>
      </file>
    </package>
    <package name="functions">
      <metrics statements="4" coveredstatements="4" conditionals="0" coveredconditionals="0" methods="3" coveredmethods="3"/>
      <file name="testHelpers.js" path="/Users/mattallen/Development/list-app/frontend/src/functions/testHelpers.js">
        <metrics statements="4" coveredstatements="4" conditionals="0" coveredconditionals="0" methods="3" coveredmethods="3"/>
        <line num="1" count="4" type="stmt"/>
        <line num="2" count="16" type="stmt"/>
        <line num="3" count="15" type="stmt"/>
        <line num="4" count="15" type="stmt"/>
      </file>
    </package>
  </project>
</coverage>
