{"/Users/mattallen/Development/list-app/frontend/src/App.js": {"path":"/Users/mattallen/Development/list-app/frontend/src/App.js","statementMap":{"0":{"start":{"line":6,"column":17},"end":{"line":21,"column":1}},"1":{"start":{"line":26,"column":27},"end":{"line":26,"column":39}},"2":{"start":{"line":28,"column":2},"end":{"line":30,"column":7}},"3":{"start":{"line":29,"column":4},"end":{"line":29,"column":21}},"4":{"start":{"line":33,"column":2},"end":{"line":39,"column":4}}},"fnMap":{"0":{"name":"App","decl":{"start":{"line":23,"column":9},"end":{"line":23,"column":12}},"loc":{"start":{"line":23,"column":15},"end":{"line":40,"column":1}},"line":23},"1":{"name":"(anonymous_1)","decl":{"start":{"line":28,"column":13},"end":{"line":28,"column":14}},"loc":{"start":{"line":28,"column":18},"end":{"line":30,"column":3}},"line":28}},"branchMap":{},"s":{"0":1,"1":2,"2":2,"3":1,"4":2},"f":{"0":2,"1":1},"b":{},"_coverageSchema":"1a1c01bbd47fc00a2c39e90264f33305004495a9","hash":"1cc865e1300199e02f96b8cf0bb6246ef83270e4"}
,"/Users/mattallen/Development/list-app/frontend/src/index.js": {"path":"/Users/mattallen/Development/list-app/frontend/src/index.js","statementMap":{"0":{"start":{"line":6,"column":13},"end":{"line":6,"column":65}},"1":{"start":{"line":7,"column":0},"end":{"line":11,"column":2}},"2":{"start":{"line":13,"column":0},"end":{"line":13,"column":18}}},"fnMap":{},"branchMap":{},"s":{"0":0,"1":0,"2":0},"f":{},"b":{}}
,"/Users/mattallen/Development/list-app/frontend/src/Alert/Alert.js": {"path":"/Users/mattallen/Development/list-app/frontend/src/Alert/Alert.js","statementMap":{"0":{"start":{"line":3,"column":14},"end":{"line":30,"column":1}},"1":{"start":{"line":5,"column":22},"end":{"line":8,"column":3}},"2":{"start":{"line":6,"column":4},"end":{"line":6,"column":47}},"3":{"start":{"line":7,"column":4},"end":{"line":7,"column":29}},"4":{"start":{"line":10,"column":2},"end":{"line":29,"column":3}}},"fnMap":{"0":{"name":"(anonymous_0)","decl":{"start":{"line":3,"column":14},"end":{"line":3,"column":15}},"loc":{"start":{"line":3,"column":57},"end":{"line":30,"column":1}},"line":3},"1":{"name":"(anonymous_1)","decl":{"start":{"line":5,"column":22},"end":{"line":5,"column":23}},"loc":{"start":{"line":5,"column":28},"end":{"line":8,"column":3}},"line":5}},"branchMap":{},"s":{"0":5,"1":23,"2":2,"3":2,"4":23},"f":{"0":23,"1":2},"b":{},"_coverageSchema":"1a1c01bbd47fc00a2c39e90264f33305004495a9","hash":"d5ee0c373f7bc55ccc8d5e69c86b73522362466a"}
,"/Users/mattallen/Development/list-app/frontend/src/List/List.js": {"path":"/Users/mattallen/Development/list-app/frontend/src/List/List.js","statementMap":{"0":{"start":{"line":6,"column":13},"end":{"line":121,"column":1}},"1":{"start":{"line":9,"column":19},"end":{"line":9,"column":27}},"2":{"start":{"line":12,"column":33},"end":{"line":12,"column":45}},"3":{"start":{"line":13,"column":33},"end":{"line":13,"column":48}},"4":{"start":{"line":14,"column":45},"end":{"line":14,"column":60}},"5":{"start":{"line":15,"column":55},"end":{"line":15,"column":67}},"6":{"start":{"line":16,"column":27},"end":{"line":16,"column":67}},"7":{"start":{"line":17,"column":27},"end":{"line":17,"column":67}},"8":{"start":{"line":20,"column":22},"end":{"line":43,"column":4}},"9":{"start":{"line":22,"column":8},"end":{"line":22,"column":32}},"10":{"start":{"line":25,"column":27},"end":{"line":29,"column":10}},"11":{"start":{"line":26,"column":12},"end":{"line":28,"column":21}},"12":{"start":{"line":27,"column":16},"end":{"line":27,"column":35}},"13":{"start":{"line":32,"column":8},"end":{"line":38,"column":9}},"14":{"start":{"line":33,"column":12},"end":{"line":33,"column":34}},"15":{"start":{"line":34,"column":12},"end":{"line":34,"column":79}},"16":{"start":{"line":36,"column":12},"end":{"line":36,"column":89}},"17":{"start":{"line":37,"column":12},"end":{"line":37,"column":37}},"18":{"start":{"line":41,"column":8},"end":{"line":41,"column":33}},"19":{"start":{"line":46,"column":26},"end":{"line":68,"column":4}},"20":{"start":{"line":48,"column":8},"end":{"line":48,"column":62}},"21":{"start":{"line":48,"column":42},"end":{"line":48,"column":59}},"22":{"start":{"line":51,"column":27},"end":{"line":55,"column":10}},"23":{"start":{"line":52,"column":12},"end":{"line":54,"column":21}},"24":{"start":{"line":53,"column":16},"end":{"line":53,"column":35}},"25":{"start":{"line":58,"column":8},"end":{"line":63,"column":9}},"26":{"start":{"line":59,"column":12},"end":{"line":59,"column":93}},"27":{"start":{"line":61,"column":12},"end":{"line":61,"column":89}},"28":{"start":{"line":62,"column":12},"end":{"line":62,"column":37}},"29":{"start":{"line":66,"column":8},"end":{"line":66,"column":90}},"30":{"start":{"line":66,"column":45},"end":{"line":66,"column":88}},"31":{"start":{"line":66,"column":76},"end":{"line":66,"column":87}},"32":{"start":{"line":71,"column":18},"end":{"line":102,"column":3}},"33":{"start":{"line":74,"column":4},"end":{"line":78,"column":5}},"34":{"start":{"line":75,"column":8},"end":{"line":75,"column":69}},"35":{"start":{"line":76,"column":8},"end":{"line":76,"column":33}},"36":{"start":{"line":77,"column":8},"end":{"line":77,"column":20}},"37":{"start":{"line":81,"column":4},"end":{"line":81,"column":22}},"38":{"start":{"line":84,"column":23},"end":{"line":88,"column":6}},"39":{"start":{"line":85,"column":8},"end":{"line":87,"column":17}},"40":{"start":{"line":86,"column":12},"end":{"line":86,"column":31}},"41":{"start":{"line":91,"column":4},"end":{"line":97,"column":5}},"42":{"start":{"line":92,"column":8},"end":{"line":92,"column":90}},"43":{"start":{"line":93,"column":8},"end":{"line":93,"column":36}},"44":{"start":{"line":95,"column":8},"end":{"line":95,"column":85}},"45":{"start":{"line":96,"column":8},"end":{"line":96,"column":33}},"46":{"start":{"line":100,"column":4},"end":{"line":100,"column":23}},"47":{"start":{"line":104,"column":2},"end":{"line":120,"column":3}}},"fnMap":{"0":{"name":"(anonymous_0)","decl":{"start":{"line":6,"column":13},"end":{"line":6,"column":14}},"loc":{"start":{"line":6,"column":25},"end":{"line":121,"column":1}},"line":6},"1":{"name":"(anonymous_1)","decl":{"start":{"line":20,"column":22},"end":{"line":20,"column":23}},"loc":{"start":{"line":20,"column":34},"end":{"line":43,"column":4}},"line":20},"2":{"name":"(anonymous_2)","decl":{"start":{"line":25,"column":45},"end":{"line":25,"column":46}},"loc":{"start":{"line":25,"column":56},"end":{"line":29,"column":9}},"line":25},"3":{"name":"(anonymous_3)","decl":{"start":{"line":26,"column":23},"end":{"line":26,"column":24}},"loc":{"start":{"line":26,"column":29},"end":{"line":28,"column":13}},"line":26},"4":{"name":"(anonymous_4)","decl":{"start":{"line":46,"column":26},"end":{"line":46,"column":27}},"loc":{"start":{"line":46,"column":48},"end":{"line":68,"column":4}},"line":46},"5":{"name":"(anonymous_5)","decl":{"start":{"line":48,"column":32},"end":{"line":48,"column":33}},"loc":{"start":{"line":48,"column":42},"end":{"line":48,"column":59}},"line":48},"6":{"name":"(anonymous_6)","decl":{"start":{"line":51,"column":45},"end":{"line":51,"column":46}},"loc":{"start":{"line":51,"column":56},"end":{"line":55,"column":9}},"line":51},"7":{"name":"(anonymous_7)","decl":{"start":{"line":52,"column":23},"end":{"line":52,"column":24}},"loc":{"start":{"line":52,"column":29},"end":{"line":54,"column":13}},"line":52},"8":{"name":"(anonymous_8)","decl":{"start":{"line":66,"column":32},"end":{"line":66,"column":33}},"loc":{"start":{"line":66,"column":45},"end":{"line":66,"column":88}},"line":66},"9":{"name":"(anonymous_9)","decl":{"start":{"line":66,"column":62},"end":{"line":66,"column":63}},"loc":{"start":{"line":66,"column":76},"end":{"line":66,"column":87}},"line":66},"10":{"name":"(anonymous_10)","decl":{"start":{"line":71,"column":18},"end":{"line":71,"column":19}},"loc":{"start":{"line":71,"column":30},"end":{"line":102,"column":3}},"line":71},"11":{"name":"(anonymous_11)","decl":{"start":{"line":84,"column":41},"end":{"line":84,"column":42}},"loc":{"start":{"line":84,"column":52},"end":{"line":88,"column":5}},"line":84},"12":{"name":"(anonymous_12)","decl":{"start":{"line":85,"column":19},"end":{"line":85,"column":20}},"loc":{"start":{"line":85,"column":25},"end":{"line":87,"column":9}},"line":85}},"branchMap":{"0":{"loc":{"start":{"line":32,"column":8},"end":{"line":38,"column":9}},"type":"if","locations":[{"start":{"line":32,"column":8},"end":{"line":38,"column":9}},{"start":{"line":35,"column":15},"end":{"line":38,"column":9}}],"line":32},"1":{"loc":{"start":{"line":58,"column":8},"end":{"line":63,"column":9}},"type":"if","locations":[{"start":{"line":58,"column":8},"end":{"line":63,"column":9}},{"start":{"line":60,"column":15},"end":{"line":63,"column":9}}],"line":58},"2":{"loc":{"start":{"line":74,"column":4},"end":{"line":78,"column":5}},"type":"if","locations":[{"start":{"line":74,"column":4},"end":{"line":78,"column":5}},{"start":{},"end":{}}],"line":74},"3":{"loc":{"start":{"line":91,"column":4},"end":{"line":97,"column":5}},"type":"if","locations":[{"start":{"line":91,"column":4},"end":{"line":97,"column":5}},{"start":{"line":94,"column":11},"end":{"line":97,"column":5}}],"line":91}},"s":{"0":3,"1":4,"2":4,"3":4,"4":4,"5":4,"6":4,"7":4,"8":4,"9":0,"10":0,"11":0,"12":0,"13":0,"14":0,"15":0,"16":0,"17":0,"18":0,"19":4,"20":0,"21":0,"22":0,"23":0,"24":0,"25":0,"26":0,"27":0,"28":0,"29":0,"30":0,"31":0,"32":4,"33":0,"34":0,"35":0,"36":0,"37":0,"38":0,"39":0,"40":0,"41":0,"42":0,"43":0,"44":0,"45":0,"46":0,"47":4},"f":{"0":4,"1":0,"2":0,"3":0,"4":0,"5":0,"6":0,"7":0,"8":0,"9":0,"10":0,"11":0,"12":0},"b":{"0":[0,0],"1":[0,0],"2":[0,0],"3":[0,0]},"_coverageSchema":"1a1c01bbd47fc00a2c39e90264f33305004495a9","hash":"be1ca035a3440fa657337f58588534680ba1aea4"}
,"/Users/mattallen/Development/list-app/frontend/src/List/ListView.js": {"path":"/Users/mattallen/Development/list-app/frontend/src/List/ListView.js","statementMap":{"0":{"start":{"line":4,"column":17},"end":{"line":54,"column":1}},"1":{"start":{"line":15,"column":4},"end":{"line":53,"column":10}},"2":{"start":{"line":31,"column":12},"end":{"line":40,"column":18}},"3":{"start":{"line":35,"column":35},"end":{"line":35,"column":65}},"4":{"start":{"line":45,"column":73},"end":{"line":45,"column":100}}},"fnMap":{"0":{"name":"(anonymous_0)","decl":{"start":{"line":4,"column":17},"end":{"line":4,"column":18}},"loc":{"start":{"line":15,"column":4},"end":{"line":53,"column":10}},"line":15},"1":{"name":"(anonymous_1)","decl":{"start":{"line":30,"column":25},"end":{"line":30,"column":26}},"loc":{"start":{"line":31,"column":12},"end":{"line":40,"column":18}},"line":31},"2":{"name":"(anonymous_2)","decl":{"start":{"line":35,"column":30},"end":{"line":35,"column":31}},"loc":{"start":{"line":35,"column":35},"end":{"line":35,"column":65}},"line":35},"3":{"name":"(anonymous_3)","decl":{"start":{"line":45,"column":68},"end":{"line":45,"column":69}},"loc":{"start":{"line":45,"column":73},"end":{"line":45,"column":100}},"line":45}},"branchMap":{"0":{"loc":{"start":{"line":23,"column":26},"end":{"line":23,"column":55}},"type":"cond-expr","locations":[{"start":{"line":23,"column":43},"end":{"line":23,"column":47}},{"start":{"line":23,"column":50},"end":{"line":23,"column":55}}],"line":23},"1":{"loc":{"start":{"line":25,"column":17},"end":{"line":25,"column":54}},"type":"cond-expr","locations":[{"start":{"line":25,"column":35},"end":{"line":25,"column":38}},{"start":{"line":25,"column":41},"end":{"line":25,"column":54}}],"line":25},"2":{"loc":{"start":{"line":36,"column":30},"end":{"line":36,"column":81}},"type":"cond-expr","locations":[{"start":{"line":36,"column":69},"end":{"line":36,"column":73}},{"start":{"line":36,"column":76},"end":{"line":36,"column":81}}],"line":36},"3":{"loc":{"start":{"line":38,"column":21},"end":{"line":38,"column":78}},"type":"cond-expr","locations":[{"start":{"line":38,"column":59},"end":{"line":38,"column":72}},{"start":{"line":38,"column":75},"end":{"line":38,"column":78}}],"line":38},"4":{"loc":{"start":{"line":46,"column":48},"end":{"line":46,"column":71}},"type":"cond-expr","locations":[{"start":{"line":46,"column":59},"end":{"line":46,"column":63}},{"start":{"line":46,"column":66},"end":{"line":46,"column":71}}],"line":46},"5":{"loc":{"start":{"line":47,"column":17},"end":{"line":49,"column":35}},"type":"cond-expr","locations":[{"start":{"line":48,"column":22},"end":{"line":48,"column":27}},{"start":{"line":49,"column":22},"end":{"line":49,"column":35}}],"line":47}},"s":{"0":3,"1":4,"2":8,"3":0,"4":0},"f":{"0":4,"1":8,"2":0,"3":0},"b":{"0":[0,4],"1":[4,0],"2":[0,8],"3":[0,8],"4":[0,4],"5":[4,0]},"_coverageSchema":"1a1c01bbd47fc00a2c39e90264f33305004495a9","hash":"c4878ed32cab4b810ac0602bf86cee8d51ea063c"}
,"/Users/mattallen/Development/list-app/frontend/src/ListGrid/ListGrid.js": {"path":"/Users/mattallen/Development/list-app/frontend/src/ListGrid/ListGrid.js","statementMap":{"0":{"start":{"line":4,"column":17},"end":{"line":13,"column":1}},"1":{"start":{"line":5,"column":4},"end":{"line":12,"column":10}},"2":{"start":{"line":7,"column":12},"end":{"line":10,"column":14}}},"fnMap":{"0":{"name":"(anonymous_0)","decl":{"start":{"line":4,"column":17},"end":{"line":4,"column":18}},"loc":{"start":{"line":5,"column":4},"end":{"line":12,"column":10}},"line":5},"1":{"name":"(anonymous_1)","decl":{"start":{"line":6,"column":20},"end":{"line":6,"column":21}},"loc":{"start":{"line":7,"column":12},"end":{"line":10,"column":14}},"line":7}},"branchMap":{"0":{"loc":{"start":{"line":5,"column":20},"end":{"line":5,"column":71}},"type":"cond-expr","locations":[{"start":{"line":5,"column":39},"end":{"line":5,"column":54}},{"start":{"line":5,"column":56},"end":{"line":5,"column":71}}],"line":5}},"s":{"0":2,"1":3,"2":4},"f":{"0":3,"1":4},"b":{"0":[2,1]},"_coverageSchema":"1a1c01bbd47fc00a2c39e90264f33305004495a9","hash":"82fb4dc1777b84a8b515f1ddeebd5520f621d76a"}
,"/Users/mattallen/Development/list-app/frontend/src/NewListInput/NewListInput.js": {"path":"/Users/mattallen/Development/list-app/frontend/src/NewListInput/NewListInput.js","statementMap":{"0":{"start":{"line":6,"column":21},"end":{"line":70,"column":1}},"1":{"start":{"line":9,"column":21},"end":{"line":9,"column":29}},"2":{"start":{"line":12,"column":29},"end":{"line":12,"column":41}},"3":{"start":{"line":13,"column":37},"end":{"line":13,"column":52}},"4":{"start":{"line":14,"column":29},"end":{"line":14,"column":69}},"5":{"start":{"line":15,"column":29},"end":{"line":15,"column":69}},"6":{"start":{"line":18,"column":20},"end":{"line":56,"column":7}},"7":{"start":{"line":20,"column":8},"end":{"line":20,"column":27}},"8":{"start":{"line":23,"column":8},"end":{"line":28,"column":9}},"9":{"start":{"line":24,"column":12},"end":{"line":24,"column":66}},"10":{"start":{"line":25,"column":12},"end":{"line":25,"column":32}},"11":{"start":{"line":26,"column":12},"end":{"line":26,"column":37}},"12":{"start":{"line":27,"column":12},"end":{"line":27,"column":19}},"13":{"start":{"line":32,"column":8},"end":{"line":42,"column":9}},"14":{"start":{"line":33,"column":29},"end":{"line":37,"column":13}},"15":{"start":{"line":38,"column":25},"end":{"line":38,"column":87}},"16":{"start":{"line":39,"column":12},"end":{"line":39,"column":37}},"17":{"start":{"line":41,"column":12},"end":{"line":41,"column":31}},"18":{"start":{"line":46,"column":8},"end":{"line":52,"column":9}},"19":{"start":{"line":47,"column":12},"end":{"line":47,"column":62}},"20":{"start":{"line":48,"column":12},"end":{"line":48,"column":40}},"21":{"start":{"line":49,"column":12},"end":{"line":49,"column":25}},"22":{"start":{"line":51,"column":12},"end":{"line":51,"column":87}},"23":{"start":{"line":54,"column":8},"end":{"line":54,"column":28}},"24":{"start":{"line":58,"column":4},"end":{"line":69,"column":5}}},"fnMap":{"0":{"name":"(anonymous_0)","decl":{"start":{"line":6,"column":21},"end":{"line":6,"column":22}},"loc":{"start":{"line":6,"column":27},"end":{"line":70,"column":1}},"line":6},"1":{"name":"(anonymous_1)","decl":{"start":{"line":18,"column":20},"end":{"line":18,"column":21}},"loc":{"start":{"line":18,"column":32},"end":{"line":56,"column":7}},"line":18}},"branchMap":{"0":{"loc":{"start":{"line":23,"column":8},"end":{"line":28,"column":9}},"type":"if","locations":[{"start":{"line":23,"column":8},"end":{"line":28,"column":9}},{"start":{},"end":{}}],"line":23},"1":{"loc":{"start":{"line":46,"column":8},"end":{"line":52,"column":9}},"type":"if","locations":[{"start":{"line":46,"column":8},"end":{"line":52,"column":9}},{"start":{"line":50,"column":15},"end":{"line":52,"column":9}}],"line":46}},"s":{"0":2,"1":17,"2":17,"3":17,"4":17,"5":17,"6":17,"7":2,"8":2,"9":1,"10":1,"11":1,"12":1,"13":1,"14":1,"15":1,"16":1,"17":0,"18":1,"19":1,"20":1,"21":1,"22":0,"23":1,"24":17},"f":{"0":17,"1":2},"b":{"0":[1,1],"1":[1,0]},"_coverageSchema":"1a1c01bbd47fc00a2c39e90264f33305004495a9","hash":"8a0f15f64d0fdc958cdae89c63aed18eafbad68d"}
,"/Users/mattallen/Development/list-app/frontend/src/NewListInput/newListinputView.js": {"path":"/Users/mattallen/Development/list-app/frontend/src/NewListInput/newListinputView.js","statementMap":{"0":{"start":{"line":3,"column":25},"end":{"line":25,"column":1}},"1":{"start":{"line":9,"column":4},"end":{"line":24,"column":10}},"2":{"start":{"line":16,"column":31},"end":{"line":16,"column":55}}},"fnMap":{"0":{"name":"(anonymous_0)","decl":{"start":{"line":3,"column":25},"end":{"line":3,"column":26}},"loc":{"start":{"line":9,"column":4},"end":{"line":24,"column":10}},"line":9},"1":{"name":"(anonymous_1)","decl":{"start":{"line":16,"column":26},"end":{"line":16,"column":27}},"loc":{"start":{"line":16,"column":31},"end":{"line":16,"column":55}},"line":16}},"branchMap":{"0":{"loc":{"start":{"line":19,"column":26},"end":{"line":19,"column":50}},"type":"cond-expr","locations":[{"start":{"line":19,"column":38},"end":{"line":19,"column":42}},{"start":{"line":19,"column":45},"end":{"line":19,"column":50}}],"line":19},"1":{"loc":{"start":{"line":21,"column":17},"end":{"line":21,"column":59}},"type":"cond-expr","locations":[{"start":{"line":21,"column":30},"end":{"line":21,"column":43}},{"start":{"line":21,"column":46},"end":{"line":21,"column":59}}],"line":21}},"s":{"0":2,"1":17,"2":10},"f":{"0":17,"1":10},"b":{"0":[1,16],"1":[16,1]},"_coverageSchema":"1a1c01bbd47fc00a2c39e90264f33305004495a9","hash":"35d689822266b81933f2ddde7503e389671d0887"}
,"/Users/mattallen/Development/list-app/frontend/src/Toast/Toast.js": {"path":"/Users/mattallen/Development/list-app/frontend/src/Toast/Toast.js","statementMap":{"0":{"start":{"line":3,"column":14},"end":{"line":15,"column":1}},"1":{"start":{"line":4,"column":4},"end":{"line":14,"column":7}},"2":{"start":{"line":9,"column":62},"end":{"line":9,"column":104}}},"fnMap":{"0":{"name":"(anonymous_0)","decl":{"start":{"line":3,"column":14},"end":{"line":3,"column":15}},"loc":{"start":{"line":4,"column":4},"end":{"line":14,"column":7}},"line":4},"1":{"name":"(anonymous_1)","decl":{"start":{"line":9,"column":56},"end":{"line":9,"column":57}},"loc":{"start":{"line":9,"column":62},"end":{"line":9,"column":104}},"line":9}},"branchMap":{"0":{"loc":{"start":{"line":3,"column":43},"end":{"line":3,"column":58}},"type":"default-arg","locations":[{"start":{"line":3,"column":54},"end":{"line":3,"column":58}}],"line":3}},"s":{"0":5,"1":23,"2":1},"f":{"0":23,"1":1},"b":{"0":[23]},"_coverageSchema":"1a1c01bbd47fc00a2c39e90264f33305004495a9","hash":"f700f9d320e08a990ef649d6f5f697daa13e3431"}
}
