{"/Users/mattallen/Development/list-app/frontend/src/List/List.js": {"path":"/Users/mattallen/Development/list-app/frontend/src/List/List.js","statementMap":{"0":{"start":{"line":6,"column":13},"end":{"line":121,"column":1}},"1":{"start":{"line":9,"column":19},"end":{"line":9,"column":27}},"2":{"start":{"line":12,"column":33},"end":{"line":12,"column":45}},"3":{"start":{"line":13,"column":33},"end":{"line":13,"column":48}},"4":{"start":{"line":14,"column":45},"end":{"line":14,"column":60}},"5":{"start":{"line":15,"column":55},"end":{"line":15,"column":67}},"6":{"start":{"line":16,"column":27},"end":{"line":16,"column":67}},"7":{"start":{"line":20,"column":22},"end":{"line":40,"column":4}},"8":{"start":{"line":22,"column":8},"end":{"line":22,"column":32}},"9":{"start":{"line":25,"column":20},"end":{"line":25,"column":65}},"10":{"start":{"line":27,"column":21},"end":{"line":27,"column":53}},"11":{"start":{"line":30,"column":8},"end":{"line":35,"column":9}},"12":{"start":{"line":31,"column":12},"end":{"line":31,"column":33}},"13":{"start":{"line":32,"column":12},"end":{"line":32,"column":80}},"14":{"start":{"line":34,"column":12},"end":{"line":34,"column":89}},"15":{"start":{"line":38,"column":8},"end":{"line":38,"column":33}},"16":{"start":{"line":43,"column":26},"end":{"line":64,"column":4}},"17":{"start":{"line":45,"column":8},"end":{"line":45,"column":62}},"18":{"start":{"line":45,"column":42},"end":{"line":45,"column":59}},"19":{"start":{"line":48,"column":20},"end":{"line":48,"column":70}},"20":{"start":{"line":50,"column":21},"end":{"line":50,"column":73}},"21":{"start":{"line":53,"column":8},"end":{"line":59,"column":9}},"22":{"start":{"line":54,"column":12},"end":{"line":54,"column":33}},"23":{"start":{"line":55,"column":12},"end":{"line":55,"column":94}},"24":{"start":{"line":57,"column":12},"end":{"line":57,"column":90}},"25":{"start":{"line":58,"column":12},"end":{"line":58,"column":37}},"26":{"start":{"line":62,"column":8},"end":{"line":62,"column":90}},"27":{"start":{"line":62,"column":45},"end":{"line":62,"column":88}},"28":{"start":{"line":62,"column":76},"end":{"line":62,"column":87}},"29":{"start":{"line":67,"column":18},"end":{"line":102,"column":3}},"30":{"start":{"line":70,"column":4},"end":{"line":74,"column":5}},"31":{"start":{"line":71,"column":8},"end":{"line":71,"column":69}},"32":{"start":{"line":72,"column":8},"end":{"line":72,"column":33}},"33":{"start":{"line":73,"column":8},"end":{"line":73,"column":20}},"34":{"start":{"line":77,"column":4},"end":{"line":80,"column":5}},"35":{"start":{"line":78,"column":8},"end":{"line":78,"column":71}},"36":{"start":{"line":79,"column":8},"end":{"line":79,"column":15}},"37":{"start":{"line":83,"column":4},"end":{"line":83,"column":22}},"38":{"start":{"line":86,"column":16},"end":{"line":86,"column":63}},"39":{"start":{"line":88,"column":17},"end":{"line":88,"column":73}},"40":{"start":{"line":91,"column":4},"end":{"line":98,"column":5}},"41":{"start":{"line":92,"column":8},"end":{"line":92,"column":90}},"42":{"start":{"line":93,"column":8},"end":{"line":93,"column":29}},"43":{"start":{"line":94,"column":8},"end":{"line":94,"column":36}},"44":{"start":{"line":96,"column":8},"end":{"line":96,"column":85}},"45":{"start":{"line":97,"column":8},"end":{"line":97,"column":33}},"46":{"start":{"line":101,"column":4},"end":{"line":101,"column":23}},"47":{"start":{"line":104,"column":2},"end":{"line":120,"column":3}}},"fnMap":{"0":{"name":"(anonymous_0)","decl":{"start":{"line":6,"column":13},"end":{"line":6,"column":14}},"loc":{"start":{"line":6,"column":43},"end":{"line":121,"column":1}},"line":6},"1":{"name":"(anonymous_1)","decl":{"start":{"line":20,"column":22},"end":{"line":20,"column":23}},"loc":{"start":{"line":20,"column":34},"end":{"line":40,"column":4}},"line":20},"2":{"name":"(anonymous_2)","decl":{"start":{"line":43,"column":26},"end":{"line":43,"column":27}},"loc":{"start":{"line":43,"column":48},"end":{"line":64,"column":4}},"line":43},"3":{"name":"(anonymous_3)","decl":{"start":{"line":45,"column":32},"end":{"line":45,"column":33}},"loc":{"start":{"line":45,"column":42},"end":{"line":45,"column":59}},"line":45},"4":{"name":"(anonymous_4)","decl":{"start":{"line":62,"column":32},"end":{"line":62,"column":33}},"loc":{"start":{"line":62,"column":45},"end":{"line":62,"column":88}},"line":62},"5":{"name":"(anonymous_5)","decl":{"start":{"line":62,"column":62},"end":{"line":62,"column":63}},"loc":{"start":{"line":62,"column":76},"end":{"line":62,"column":87}},"line":62},"6":{"name":"(anonymous_6)","decl":{"start":{"line":67,"column":18},"end":{"line":67,"column":19}},"loc":{"start":{"line":67,"column":30},"end":{"line":102,"column":3}},"line":67}},"branchMap":{"0":{"loc":{"start":{"line":30,"column":8},"end":{"line":35,"column":9}},"type":"if","locations":[{"start":{"line":30,"column":8},"end":{"line":35,"column":9}},{"start":{"line":33,"column":15},"end":{"line":35,"column":9}}],"line":30},"1":{"loc":{"start":{"line":53,"column":8},"end":{"line":59,"column":9}},"type":"if","locations":[{"start":{"line":53,"column":8},"end":{"line":59,"column":9}},{"start":{"line":56,"column":15},"end":{"line":59,"column":9}}],"line":53},"2":{"loc":{"start":{"line":70,"column":4},"end":{"line":74,"column":5}},"type":"if","locations":[{"start":{"line":70,"column":4},"end":{"line":74,"column":5}},{"start":{},"end":{}}],"line":70},"3":{"loc":{"start":{"line":77,"column":4},"end":{"line":80,"column":5}},"type":"if","locations":[{"start":{"line":77,"column":4},"end":{"line":80,"column":5}},{"start":{},"end":{}}],"line":77},"4":{"loc":{"start":{"line":91,"column":4},"end":{"line":98,"column":5}},"type":"if","locations":[{"start":{"line":91,"column":4},"end":{"line":98,"column":5}},{"start":{"line":95,"column":11},"end":{"line":98,"column":5}}],"line":91}},"s":{"0":3,"1":46,"2":46,"3":46,"4":46,"5":46,"6":46,"7":46,"8":2,"9":2,"10":2,"11":2,"12":1,"13":1,"14":1,"15":2,"16":46,"17":2,"18":2,"19":2,"20":2,"21":2,"22":1,"23":1,"24":1,"25":1,"26":2,"27":2,"28":2,"29":46,"30":4,"31":1,"32":1,"33":1,"34":3,"35":1,"36":1,"37":2,"38":2,"39":2,"40":2,"41":1,"42":1,"43":1,"44":1,"45":1,"46":2,"47":46},"f":{"0":46,"1":2,"2":2,"3":2,"4":2,"5":2,"6":4},"b":{"0":[1,1],"1":[1,1],"2":[1,3],"3":[1,2],"4":[1,1]},"_coverageSchema":"1a1c01bbd47fc00a2c39e90264f33305004495a9","hash":"e48872ce9e9470c697e20eb12fb3ce8d01959aab"}
}
