TN:
SF:src/App.js
FN:10,App
FN:22,(anonymous_1)
FN:26,(anonymous_2)
FN:32,(anonymous_3)
FNF:4
FNH:4
FNDA:44,App
FNDA:44,(anonymous_1)
FNDA:14,(anonymous_2)
FNDA:9,(anonymous_3)
DA:13,44
DA:14,44
DA:15,44
DA:22,44
DA:26,44
DA:28,14
DA:32,14
DA:34,14
DA:37,12
DA:38,1
DA:39,1
DA:42,12
DA:43,5
DA:44,5
DA:46,7
DA:47,7
DA:51,44
DA:52,25
DA:57,44
LF:19
LH:19
BRDA:32,0,0,1
BRDA:32,0,1,8
BRDA:37,1,0,1
BRDA:37,1,1,11
BRDA:42,2,0,5
BRDA:42,2,1,7
BRDA:46,3,0,5
BRDA:46,3,1,2
BRDA:47,4,0,2
BRDA:47,4,1,5
BRDA:51,5,0,25
BRDA:51,5,1,19
BRDA:52,6,0,14
BRDA:52,6,1,11
BRDA:52,7,0,25
BRDA:52,7,1,24
BRDA:58,8,0,19
BRDA:58,8,1,25
BRF:18
BRH:18
end_of_record
TN:
SF:src/Private/Header/Header.js
FN:5,(anonymous_0)
FN:9,(anonymous_1)
FN:17,(anonymous_2)
FNF:3
FNH:3
FNDA:31,(anonymous_0)
FNDA:4,(anonymous_1)
FNDA:1,(anonymous_2)
DA:5,2
DA:7,31
DA:9,31
DA:11,31
DA:17,1
LF:5
LH:5
BRDA:9,0,0,1
BRDA:9,0,1,3
BRDA:14,1,0,3
BRDA:14,1,1,28
BRF:4
BRH:4
end_of_record
TN:
SF:src/Private/List/List.js
FN:6,(anonymous_0)
FN:27,(anonymous_1)
FN:35,(anonymous_2)
FN:43,(anonymous_3)
FN:62,(anonymous_4)
FN:64,(anonymous_5)
FN:65,(anonymous_6)
FN:80,(anonymous_7)
FN:97,(anonymous_8)
FN:97,(anonymous_9)
FN:101,(anonymous_10)
FN:111,(anonymous_11)
FN:125,(anonymous_12)
FNF:13
FNH:13
FNDA:57,(anonymous_0)
FNDA:3,(anonymous_1)
FNDA:1,(anonymous_2)
FNDA:2,(anonymous_3)
FNDA:4,(anonymous_4)
FNDA:1,(anonymous_5)
FNDA:1,(anonymous_6)
FNDA:4,(anonymous_7)
FNDA:4,(anonymous_8)
FNDA:1,(anonymous_9)
FNDA:4,(anonymous_10)
FNDA:1,(anonymous_11)
FNDA:2,(anonymous_12)
DA:6,2
DA:17,57
DA:20,57
DA:21,57
DA:22,57
DA:23,57
DA:24,57
DA:27,57
DA:31,3
DA:35,3
DA:36,3
DA:39,3
DA:40,1
DA:41,1
DA:43,1
DA:44,2
DA:47,1
DA:48,1
DA:49,2
DA:50,1
DA:51,1
DA:53,1
DA:57,3
DA:62,57
DA:64,4
DA:65,1
DA:70,4
DA:71,4
DA:74,4
DA:75,2
DA:77,2
DA:80,2
DA:81,4
DA:82,2
DA:85,2
DA:87,2
DA:88,2
DA:89,1
DA:90,1
DA:92,1
DA:93,1
DA:97,4
DA:101,57
DA:104,4
DA:105,1
DA:106,1
DA:107,1
DA:111,3
DA:115,3
DA:116,3
DA:119,3
DA:120,1
DA:121,1
DA:124,1
DA:125,1
DA:126,2
DA:128,1
DA:131,1
DA:132,1
DA:133,2
DA:134,1
DA:135,1
DA:137,1
DA:138,1
DA:142,3
DA:145,57
LF:66
LH:66
BRDA:39,0,0,1
BRDA:39,0,1,2
BRDA:44,1,0,1
BRDA:44,1,1,1
BRDA:49,2,0,1
BRDA:49,2,1,1
BRDA:74,3,0,2
BRDA:74,3,1,2
BRDA:81,4,0,2
BRDA:81,4,1,2
BRDA:88,5,0,1
BRDA:88,5,1,1
BRDA:104,6,0,1
BRDA:104,6,1,3
BRDA:119,7,0,1
BRDA:119,7,1,2
BRDA:126,8,0,1
BRDA:126,8,1,1
BRDA:133,9,0,1
BRDA:133,9,1,1
BRF:20
BRH:20
end_of_record
TN:
SF:src/Private/ListGrid/ListGrid.js
FN:6,(anonymous_0)
FN:18,(anonymous_1)
FN:19,(anonymous_2)
FN:34,(anonymous_3)
FNF:4
FNH:4
FNDA:39,(anonymous_0)
FNDA:31,(anonymous_1)
FNDA:31,(anonymous_2)
FNDA:31,(anonymous_3)
DA:6,2
DA:15,39
DA:18,39
DA:19,31
DA:20,31
DA:34,39
DA:35,31
DA:46,39
LF:8
LH:8
BRDA:37,0,0,5
BRDA:37,0,1,26
BRDA:52,1,0,2
BRDA:52,1,1,37
BRDA:53,2,0,2
BRDA:53,2,1,35
BRDA:54,3,0,31
BRDA:54,3,1,4
BRF:8
BRH:8
end_of_record
TN:
SF:src/Private/NewListInput/NewListInput.js
FN:7,(anonymous_0)
FN:19,(anonymous_1)
FN:31,(anonymous_2)
FNF:3
FNH:3
FNDA:87,(anonymous_0)
FNDA:6,(anonymous_1)
FNDA:3,(anonymous_2)
DA:7,2
DA:10,87
DA:13,87
DA:14,87
DA:15,87
DA:16,87
DA:19,87
DA:20,6
DA:23,6
DA:24,1
DA:25,1
DA:26,1
DA:27,1
DA:31,5
DA:32,1
DA:33,1
DA:34,1
DA:39,4
DA:41,4
DA:43,4
DA:44,2
DA:47,2
DA:48,2
DA:49,2
DA:52,2
DA:53,2
DA:54,2
DA:55,1
DA:56,1
DA:58,1
DA:66,4
DA:70,87
LF:32
LH:32
BRDA:23,0,0,1
BRDA:23,0,1,5
BRDA:31,1,0,1
BRDA:31,1,1,4
BRDA:31,2,0,5
BRDA:31,2,1,4
BRDA:43,3,0,2
BRDA:43,3,1,2
BRDA:48,4,0,1
BRDA:48,4,1,1
BRDA:54,5,0,1
BRDA:54,5,1,1
BRF:12
BRH:12
end_of_record
TN:
SF:src/functions/functions.js
FN:2,(anonymous_0)
FN:21,(anonymous_1)
FN:26,(anonymous_2)
FN:37,(anonymous_3)
FNF:4
FNH:4
FNDA:16,(anonymous_0)
FNDA:7,(anonymous_1)
FNDA:5,(anonymous_2)
FNDA:38,(anonymous_3)
DA:2,5
DA:3,16
DA:4,16
DA:11,16
DA:13,13
DA:14,12
DA:15,12
DA:17,1
DA:21,5
DA:22,7
DA:23,7
DA:26,5
DA:27,5
DA:28,5
DA:29,5
DA:30,5
DA:31,5
DA:33,5
DA:34,4
DA:37,5
DA:38,38
DA:39,38
DA:47,38
DA:48,37
DA:49,33
DA:50,33
DA:52,1
LF:27
LH:27
BRDA:13,0,0,1
BRDA:13,0,1,12
BRDA:33,1,0,1
BRDA:33,1,1,4
BRDA:33,2,0,5
BRDA:33,2,1,4
BRDA:33,2,2,4
BRDA:33,2,3,4
BRDA:33,2,4,4
BRDA:48,3,0,4
BRDA:48,3,1,33
BRF:11
BRH:11
end_of_record
TN:
SF:src/functions/testHelpers.js
FN:1,(anonymous_0)
FN:2,(anonymous_1)
FN:4,(anonymous_2)
FNF:3
FNH:3
FNDA:44,(anonymous_0)
FNDA:47,(anonymous_1)
FNDA:42,(anonymous_2)
DA:1,5
DA:2,44
DA:3,47
DA:4,42
LF:4
LH:4
BRDA:1,0,0,39
BRF:1
BRH:1
end_of_record
