TN:
SF:src/App.js
FN:9,App
FN:20,(anonymous_1)
FN:24,(anonymous_2)
FN:30,(anonymous_3)
FNF:4
FNH:3
FNDA:9,App
FNDA:9,(anonymous_1)
FNDA:3,(anonymous_2)
FNDA:0,(anonymous_3)
DA:12,9
DA:13,9
DA:20,9
DA:24,9
DA:26,3
DA:30,3
DA:32,3
DA:35,3
DA:37,3
DA:38,3
DA:39,3
DA:41,0
DA:42,0
DA:46,9
DA:47,6
DA:52,9
LF:16
LH:14
BRDA:30,0,0,0
BRDA:30,0,1,0
BRDA:35,1,0,0
BRDA:35,1,1,3
BRDA:37,2,0,3
BRDA:37,2,1,0
BRDA:41,3,0,0
BRDA:41,3,1,0
BRDA:42,4,0,0
BRDA:42,4,1,0
BRDA:46,5,0,6
BRDA:46,5,1,3
BRDA:47,6,0,3
BRDA:47,6,1,3
BRDA:47,7,0,6
BRDA:47,7,1,6
BRDA:53,8,0,3
BRDA:53,8,1,6
BRF:18
BRH:10
end_of_record
TN:
SF:src/Private/Header/Header.js
FN:5,(anonymous_0)
FN:9,(anonymous_1)
FN:17,(anonymous_2)
FNF:3
FNH:1
FNDA:6,(anonymous_0)
FNDA:0,(anonymous_1)
FNDA:0,(anonymous_2)
DA:5,1
DA:7,6
DA:9,6
DA:11,6
DA:17,0
LF:5
LH:4
BRDA:9,0,0,0
BRDA:9,0,1,0
BRDA:14,1,0,0
BRDA:14,1,1,6
BRF:4
BRH:1
end_of_record
TN:
SF:src/Private/List/List.js
FN:6,(anonymous_0)
FN:19,(anonymous_1)
FN:27,(anonymous_2)
FN:35,(anonymous_3)
FN:51,(anonymous_4)
FN:53,(anonymous_5)
FN:54,(anonymous_6)
FN:69,(anonymous_7)
FN:83,(anonymous_8)
FN:83,(anonymous_9)
FN:87,(anonymous_10)
FN:97,(anonymous_11)
FN:111,(anonymous_12)
FNF:13
FNH:13
FNDA:47,(anonymous_0)
FNDA:2,(anonymous_1)
FNDA:1,(anonymous_2)
FNDA:2,(anonymous_3)
FNDA:3,(anonymous_4)
FNDA:1,(anonymous_5)
FNDA:1,(anonymous_6)
FNDA:4,(anonymous_7)
FNDA:3,(anonymous_8)
FNDA:1,(anonymous_9)
FNDA:3,(anonymous_10)
FNDA:1,(anonymous_11)
FNDA:2,(anonymous_12)
DA:6,2
DA:9,47
DA:12,47
DA:13,47
DA:14,47
DA:15,47
DA:16,47
DA:19,47
DA:23,2
DA:27,2
DA:28,2
DA:31,2
DA:32,1
DA:33,1
DA:35,1
DA:36,2
DA:39,1
DA:40,1
DA:42,1
DA:46,2
DA:51,47
DA:53,3
DA:54,1
DA:59,3
DA:60,3
DA:63,3
DA:64,2
DA:66,2
DA:69,2
DA:70,4
DA:71,2
DA:74,2
DA:76,2
DA:78,1
DA:79,1
DA:83,3
DA:87,47
DA:90,3
DA:91,1
DA:92,1
DA:93,1
DA:97,2
DA:101,2
DA:102,2
DA:105,2
DA:106,1
DA:107,1
DA:110,1
DA:111,1
DA:112,2
DA:114,1
DA:117,1
DA:118,1
DA:120,1
DA:121,1
DA:125,2
DA:128,47
LF:57
LH:57
BRDA:31,0,0,1
BRDA:31,0,1,1
BRDA:36,1,0,1
BRDA:36,1,1,1
BRDA:63,2,0,2
BRDA:63,2,1,1
BRDA:70,3,0,2
BRDA:70,3,1,2
BRDA:90,4,0,1
BRDA:90,4,1,2
BRDA:105,5,0,1
BRDA:105,5,1,1
BRDA:112,6,0,1
BRDA:112,6,1,1
BRF:14
BRH:14
end_of_record
TN:
SF:src/Private/ListGrid/ListGrid.js
FN:6,(anonymous_0)
FN:12,(anonymous_1)
FN:13,(anonymous_2)
FN:26,(anonymous_3)
FNF:4
FNH:4
FNDA:20,(anonymous_0)
FNDA:16,(anonymous_1)
FNDA:26,(anonymous_2)
FNDA:16,(anonymous_3)
DA:6,2
DA:9,20
DA:12,20
DA:13,16
DA:14,26
DA:26,20
DA:27,16
DA:38,20
LF:8
LH:8
BRDA:29,0,0,0
BRDA:29,0,1,16
BRDA:44,1,0,1
BRDA:44,1,1,19
BRDA:45,2,0,0
BRDA:45,2,1,19
BRDA:46,3,0,16
BRDA:46,3,1,3
BRF:8
BRH:6
end_of_record
TN:
SF:src/Private/NewListInput/NewListInput.js
FN:7,(anonymous_0)
FN:19,(anonymous_1)
FN:31,(anonymous_2)
FNF:3
FNH:3
FNDA:59,(anonymous_0)
FNDA:5,(anonymous_1)
FNDA:2,(anonymous_2)
DA:7,2
DA:10,59
DA:13,59
DA:14,59
DA:15,59
DA:16,59
DA:19,59
DA:20,5
DA:23,5
DA:24,1
DA:25,1
DA:26,1
DA:27,1
DA:31,4
DA:32,1
DA:33,1
DA:34,1
DA:39,3
DA:41,3
DA:44,3
DA:45,2
DA:48,2
DA:49,2
DA:50,2
DA:53,2
DA:54,2
DA:56,1
DA:59,3
DA:63,59
LF:29
LH:29
BRDA:23,0,0,1
BRDA:23,0,1,4
BRDA:31,1,0,1
BRDA:31,1,1,3
BRDA:31,2,0,4
BRDA:31,2,1,3
BRDA:44,3,0,2
BRDA:44,3,1,1
BRDA:49,4,0,1
BRDA:49,4,1,1
BRF:10
BRH:10
end_of_record
TN:
SF:src/Public/LoginPage.js
FN:8,(anonymous_0)
FN:30,(anonymous_1)
FN:31,(anonymous_2)
FN:56,(anonymous_3)
FN:70,(anonymous_4)
FN:109,(anonymous_5)
FN:137,(anonymous_6)
FNF:7
FNH:6
FNDA:292,(anonymous_0)
FNDA:3,(anonymous_1)
FNDA:0,(anonymous_2)
FNDA:7,(anonymous_3)
FNDA:2,(anonymous_4)
FNDA:9,(anonymous_5)
FNDA:1,(anonymous_6)
DA:8,2
DA:10,292
DA:11,292
DA:12,292
DA:13,292
DA:14,292
DA:17,292
DA:18,292
DA:19,292
DA:20,292
DA:21,292
DA:22,292
DA:23,292
DA:24,292
DA:30,292
DA:31,3
DA:33,3
DA:35,3
DA:36,3
DA:39,3
DA:40,2
DA:41,2
DA:46,2
DA:50,1
DA:51,1
DA:56,292
DA:59,7
DA:60,1
DA:61,1
DA:64,6
DA:65,1
DA:66,1
DA:70,5
DA:71,5
DA:74,5
DA:75,5
DA:76,5
DA:79,5
DA:80,1
DA:81,1
DA:82,1
DA:86,1
DA:87,1
DA:92,1
DA:96,4
DA:97,1
DA:98,1
DA:99,1
DA:103,3
DA:104,3
DA:109,292
DA:111,9
DA:112,1
DA:113,1
DA:116,8
DA:117,1
DA:118,1
DA:121,7
DA:122,1
DA:123,1
DA:126,6
DA:127,1
DA:128,1
DA:131,5
DA:132,1
DA:133,1
DA:137,4
DA:138,4
DA:140,4
DA:142,4
DA:143,4
DA:146,4
DA:147,1
DA:148,1
DA:149,1
DA:150,1
DA:151,1
DA:152,1
DA:156,3
DA:157,1
DA:158,1
DA:160,2
DA:164,292
LF:83
LH:83
BRDA:39,0,0,2
BRDA:39,0,1,1
BRDA:59,1,0,1
BRDA:59,1,1,6
BRDA:64,2,0,1
BRDA:64,2,1,5
BRDA:79,3,0,1
BRDA:79,3,1,4
BRDA:96,4,0,1
BRDA:96,4,1,3
BRDA:111,5,0,1
BRDA:111,5,1,8
BRDA:116,6,0,1
BRDA:116,6,1,7
BRDA:121,7,0,1
BRDA:121,7,1,6
BRDA:126,8,0,1
BRDA:126,8,1,5
BRDA:131,9,0,1
BRDA:131,9,1,4
BRDA:146,10,0,1
BRDA:146,10,1,3
BRDA:156,11,0,1
BRDA:156,11,1,2
BRDA:156,12,0,3
BRDA:156,12,1,3
BRF:26
BRH:26
end_of_record
TN:
SF:src/functions/testHelpers.js
FN:1,(anonymous_0)
FN:2,(anonymous_1)
FN:4,(anonymous_2)
FNF:3
FNH:3
FNDA:19,(anonymous_0)
FNDA:21,(anonymous_1)
FNDA:21,(anonymous_2)
DA:1,4
DA:2,19
DA:3,21
DA:4,21
LF:4
LH:4
BRF:0
BRH:0
end_of_record
