{"/Users/mattallen/Development/list-app/backend/server.js": {"path":"/Users/mattallen/Development/list-app/backend/server.js","statementMap":{"0":{"start":{"line":1,"column":16},"end":{"line":1,"column":34}},"1":{"start":{"line":2,"column":0},"end":{"line":2,"column":27}},"2":{"start":{"line":3,"column":12},"end":{"line":3,"column":21}},"3":{"start":{"line":4,"column":13},"end":{"line":4,"column":28}},"4":{"start":{"line":5,"column":14},"end":{"line":5,"column":31}},"5":{"start":{"line":8,"column":18},"end":{"line":8,"column":38}},"6":{"start":{"line":9,"column":16},"end":{"line":9,"column":33}},"7":{"start":{"line":10,"column":12},"end":{"line":10,"column":35}},"8":{"start":{"line":19,"column":4},"end":{"line":19,"column":29}},"9":{"start":{"line":21,"column":0},"end":{"line":21,"column":16}},"10":{"start":{"line":22,"column":0},"end":{"line":22,"column":24}},"11":{"start":{"line":25,"column":13},"end":{"line":30,"column":2}},"12":{"start":{"line":32,"column":20},"end":{"line":32,"column":34}},"13":{"start":{"line":35,"column":0},"end":{"line":35,"column":73}},"14":{"start":{"line":35,"column":41},"end":{"line":35,"column":71}},"15":{"start":{"line":38,"column":0},"end":{"line":72,"column":2}},"16":{"start":{"line":39,"column":19},"end":{"line":39,"column":27}},"17":{"start":{"line":41,"column":2},"end":{"line":41,"column":41}},"18":{"start":{"line":41,"column":13},"end":{"line":41,"column":41}},"19":{"start":{"line":43,"column":2},"end":{"line":44,"column":59}},"20":{"start":{"line":44,"column":4},"end":{"line":44,"column":59}},"21":{"start":{"line":47,"column":2},"end":{"line":48,"column":59}},"22":{"start":{"line":48,"column":4},"end":{"line":48,"column":59}},"23":{"start":{"line":51,"column":2},"end":{"line":52,"column":62}},"24":{"start":{"line":52,"column":4},"end":{"line":52,"column":62}},"25":{"start":{"line":55,"column":2},"end":{"line":71,"column":4}},"26":{"start":{"line":57,"column":4},"end":{"line":60,"column":5}},"27":{"start":{"line":58,"column":6},"end":{"line":58,"column":25}},"28":{"start":{"line":59,"column":6},"end":{"line":59,"column":70}},"29":{"start":{"line":63,"column":4},"end":{"line":70,"column":5}},"30":{"start":{"line":64,"column":6},"end":{"line":64,"column":27}},"31":{"start":{"line":65,"column":6},"end":{"line":65,"column":41}},"32":{"start":{"line":66,"column":6},"end":{"line":66,"column":45}},"33":{"start":{"line":68,"column":6},"end":{"line":68,"column":33}},"34":{"start":{"line":69,"column":6},"end":{"line":69,"column":50}},"35":{"start":{"line":75,"column":0},"end":{"line":117,"column":2}},"36":{"start":{"line":76,"column":29},"end":{"line":76,"column":37}},"37":{"start":{"line":79,"column":2},"end":{"line":116,"column":3}},"38":{"start":{"line":80,"column":17},"end":{"line":80,"column":50}},"39":{"start":{"line":82,"column":4},"end":{"line":112,"column":73}},"40":{"start":{"line":85,"column":6},"end":{"line":109,"column":8}},"41":{"start":{"line":86,"column":8},"end":{"line":86,"column":77}},"42":{"start":{"line":86,"column":17},"end":{"line":86,"column":77}},"43":{"start":{"line":89,"column":8},"end":{"line":105,"column":9}},"44":{"start":{"line":90,"column":30},"end":{"line":94,"column":11}},"45":{"start":{"line":96,"column":24},"end":{"line":100,"column":11}},"46":{"start":{"line":101,"column":10},"end":{"line":104,"column":18}},"47":{"start":{"line":107,"column":8},"end":{"line":107,"column":92}},"48":{"start":{"line":107,"column":22},"end":{"line":107,"column":92}},"49":{"start":{"line":112,"column":11},"end":{"line":112,"column":73}},"50":{"start":{"line":115,"column":4},"end":{"line":115,"column":48}},"51":{"start":{"line":120,"column":0},"end":{"line":129,"column":2}},"52":{"start":{"line":122,"column":4},"end":{"line":128,"column":5}},"53":{"start":{"line":123,"column":25},"end":{"line":123,"column":64}},"54":{"start":{"line":124,"column":6},"end":{"line":124,"column":48}},"55":{"start":{"line":126,"column":6},"end":{"line":126,"column":43}},"56":{"start":{"line":127,"column":6},"end":{"line":127,"column":50}},"57":{"start":{"line":132,"column":0},"end":{"line":141,"column":2}},"58":{"start":{"line":133,"column":26},"end":{"line":133,"column":34}},"59":{"start":{"line":134,"column":5},"end":{"line":140,"column":5}},"60":{"start":{"line":135,"column":26},"end":{"line":135,"column":77}},"61":{"start":{"line":136,"column":6},"end":{"line":136,"column":45}},"62":{"start":{"line":138,"column":6},"end":{"line":138,"column":32}},"63":{"start":{"line":139,"column":6},"end":{"line":139,"column":50}},"64":{"start":{"line":144,"column":0},"end":{"line":154,"column":2}},"65":{"start":{"line":145,"column":19},"end":{"line":145,"column":27}},"66":{"start":{"line":146,"column":2},"end":{"line":152,"column":3}},"67":{"start":{"line":147,"column":3},"end":{"line":147,"column":50}},"68":{"start":{"line":148,"column":3},"end":{"line":148,"column":35}},"69":{"start":{"line":150,"column":4},"end":{"line":150,"column":31}},"70":{"start":{"line":151,"column":4},"end":{"line":151,"column":48}},"71":{"start":{"line":157,"column":0},"end":{"line":167,"column":2}},"72":{"start":{"line":158,"column":30},"end":{"line":158,"column":38}},"73":{"start":{"line":160,"column":4},"end":{"line":166,"column":5}},"74":{"start":{"line":161,"column":6},"end":{"line":161,"column":53}},"75":{"start":{"line":162,"column":6},"end":{"line":162,"column":38}},"76":{"start":{"line":164,"column":6},"end":{"line":164,"column":33}},"77":{"start":{"line":165,"column":6},"end":{"line":165,"column":50}},"78":{"start":{"line":170,"column":0},"end":{"line":181,"column":2}},"79":{"start":{"line":171,"column":30},"end":{"line":171,"column":38}},"80":{"start":{"line":173,"column":2},"end":{"line":179,"column":3}},"81":{"start":{"line":174,"column":4},"end":{"line":174,"column":54}},"82":{"start":{"line":175,"column":4},"end":{"line":175,"column":36}},"83":{"start":{"line":177,"column":4},"end":{"line":177,"column":31}},"84":{"start":{"line":178,"column":4},"end":{"line":178,"column":48}},"85":{"start":{"line":184,"column":0},"end":{"line":184,"column":21}}},"fnMap":{"0":{"name":"(anonymous_0)","decl":{"start":{"line":35,"column":28},"end":{"line":35,"column":29}},"loc":{"start":{"line":35,"column":41},"end":{"line":35,"column":71}},"line":35},"1":{"name":"(anonymous_1)","decl":{"start":{"line":38,"column":31},"end":{"line":38,"column":32}},"loc":{"start":{"line":38,"column":50},"end":{"line":72,"column":1}},"line":38},"2":{"name":"(anonymous_2)","decl":{"start":{"line":55,"column":32},"end":{"line":55,"column":33}},"loc":{"start":{"line":55,"column":52},"end":{"line":71,"column":3}},"line":55},"3":{"name":"(anonymous_3)","decl":{"start":{"line":75,"column":28},"end":{"line":75,"column":29}},"loc":{"start":{"line":75,"column":47},"end":{"line":117,"column":1}},"line":75},"4":{"name":"(anonymous_4)","decl":{"start":{"line":85,"column":49},"end":{"line":85,"column":50}},"loc":{"start":{"line":85,"column":66},"end":{"line":109,"column":7}},"line":85},"5":{"name":"(anonymous_5)","decl":{"start":{"line":120,"column":50},"end":{"line":120,"column":51}},"loc":{"start":{"line":120,"column":69},"end":{"line":129,"column":1}},"line":120},"6":{"name":"(anonymous_6)","decl":{"start":{"line":132,"column":53},"end":{"line":132,"column":54}},"loc":{"start":{"line":132,"column":73},"end":{"line":141,"column":1}},"line":132},"7":{"name":"(anonymous_7)","decl":{"start":{"line":144,"column":53},"end":{"line":144,"column":54}},"loc":{"start":{"line":144,"column":72},"end":{"line":154,"column":1}},"line":144},"8":{"name":"(anonymous_8)","decl":{"start":{"line":157,"column":55},"end":{"line":157,"column":56}},"loc":{"start":{"line":157,"column":74},"end":{"line":167,"column":1}},"line":157},"9":{"name":"(anonymous_9)","decl":{"start":{"line":170,"column":58},"end":{"line":170,"column":59}},"loc":{"start":{"line":170,"column":77},"end":{"line":181,"column":1}},"line":170}},"branchMap":{"0":{"loc":{"start":{"line":41,"column":2},"end":{"line":41,"column":41}},"type":"if","locations":[{"start":{"line":41,"column":2},"end":{"line":41,"column":41}},{"start":{},"end":{}}],"line":41},"1":{"loc":{"start":{"line":43,"column":2},"end":{"line":44,"column":59}},"type":"if","locations":[{"start":{"line":43,"column":2},"end":{"line":44,"column":59}},{"start":{},"end":{}}],"line":43},"2":{"loc":{"start":{"line":47,"column":2},"end":{"line":48,"column":59}},"type":"if","locations":[{"start":{"line":47,"column":2},"end":{"line":48,"column":59}},{"start":{},"end":{}}],"line":47},"3":{"loc":{"start":{"line":47,"column":6},"end":{"line":47,"column":46}},"type":"binary-expr","locations":[{"start":{"line":47,"column":6},"end":{"line":47,"column":17}},{"start":{"line":47,"column":21},"end":{"line":47,"column":46}}],"line":47},"4":{"loc":{"start":{"line":51,"column":2},"end":{"line":52,"column":62}},"type":"if","locations":[{"start":{"line":51,"column":2},"end":{"line":52,"column":62}},{"start":{},"end":{}}],"line":51},"5":{"loc":{"start":{"line":51,"column":6},"end":{"line":51,"column":44}},"type":"binary-expr","locations":[{"start":{"line":51,"column":6},"end":{"line":51,"column":20}},{"start":{"line":51,"column":24},"end":{"line":51,"column":44}}],"line":51},"6":{"loc":{"start":{"line":57,"column":4},"end":{"line":60,"column":5}},"type":"if","locations":[{"start":{"line":57,"column":4},"end":{"line":60,"column":5}},{"start":{},"end":{}}],"line":57},"7":{"loc":{"start":{"line":82,"column":4},"end":{"line":112,"column":73}},"type":"if","locations":[{"start":{"line":82,"column":4},"end":{"line":112,"column":73}},{"start":{"line":112,"column":11},"end":{"line":112,"column":73}}],"line":82},"8":{"loc":{"start":{"line":86,"column":8},"end":{"line":86,"column":77}},"type":"if","locations":[{"start":{"line":86,"column":8},"end":{"line":86,"column":77}},{"start":{},"end":{}}],"line":86},"9":{"loc":{"start":{"line":89,"column":8},"end":{"line":105,"column":9}},"type":"if","locations":[{"start":{"line":89,"column":8},"end":{"line":105,"column":9}},{"start":{},"end":{}}],"line":89},"10":{"loc":{"start":{"line":107,"column":8},"end":{"line":107,"column":92}},"type":"if","locations":[{"start":{"line":107,"column":8},"end":{"line":107,"column":92}},{"start":{},"end":{}}],"line":107}},"s":{"0":1,"1":1,"2":1,"3":1,"4":1,"5":1,"6":1,"7":1,"8":1,"9":1,"10":1,"11":1,"12":1,"13":1,"14":1,"15":1,"16":13,"17":13,"18":1,"19":12,"20":1,"21":11,"22":1,"23":10,"24":2,"25":8,"26":8,"27":0,"28":0,"29":8,"30":8,"31":8,"32":3,"33":5,"34":5,"35":1,"36":9,"37":9,"38":9,"39":8,"40":7,"41":7,"42":0,"43":7,"44":6,"45":6,"46":6,"47":1,"48":1,"49":1,"50":1,"51":1,"52":4,"53":4,"54":3,"55":1,"56":1,"57":1,"58":2,"59":2,"60":2,"61":1,"62":1,"63":1,"64":1,"65":3,"66":3,"67":3,"68":2,"69":1,"70":1,"71":1,"72":2,"73":2,"74":2,"75":1,"76":1,"77":1,"78":1,"79":2,"80":2,"81":2,"82":1,"83":1,"84":1,"85":1},"f":{"0":1,"1":13,"2":8,"3":9,"4":7,"5":4,"6":2,"7":3,"8":2,"9":2},"b":{"0":[1,12],"1":[1,11],"2":[1,10],"3":[11,11],"4":[2,8],"5":[10,8],"6":[0,8],"7":[7,1],"8":[0,7],"9":[6,1],"10":[1,0]},"_coverageSchema":"1a1c01bbd47fc00a2c39e90264f33305004495a9","hash":"fd52cd55a2c6ac429eae12758377e7255a154708"}
}
