{"/Users/mattallen/Development/list-app/backend/dbController.js": {"path":"/Users/mattallen/Development/list-app/backend/dbController.js","statementMap":{"0":{"start":{"line":2,"column":19},"end":{"line":5,"column":1}},"1":{"start":{"line":3,"column":16},"end":{"line":3,"column":73}},"2":{"start":{"line":4,"column":4},"end":{"line":4,"column":70}},"3":{"start":{"line":8,"column":17},"end":{"line":12,"column":1}},"4":{"start":{"line":9,"column":16},"end":{"line":9,"column":79}},"5":{"start":{"line":10,"column":21},"end":{"line":10,"column":57}},"6":{"start":{"line":11,"column":4},"end":{"line":11,"column":16}},"7":{"start":{"line":15,"column":25},"end":{"line":19,"column":1}},"8":{"start":{"line":16,"column":16},"end":{"line":16,"column":59}},"9":{"start":{"line":17,"column":4},"end":{"line":17,"column":44}},"10":{"start":{"line":18,"column":4},"end":{"line":18,"column":16}},"11":{"start":{"line":22,"column":24},"end":{"line":26,"column":1}},"12":{"start":{"line":23,"column":16},"end":{"line":23,"column":58}},"13":{"start":{"line":24,"column":21},"end":{"line":24,"column":57}},"14":{"start":{"line":25,"column":4},"end":{"line":25,"column":16}},"15":{"start":{"line":29,"column":23},"end":{"line":33,"column":1}},"16":{"start":{"line":30,"column":16},"end":{"line":30,"column":49}},"17":{"start":{"line":31,"column":21},"end":{"line":31,"column":54}},"18":{"start":{"line":32,"column":4},"end":{"line":32,"column":16}},"19":{"start":{"line":37,"column":17},"end":{"line":71,"column":1}},"20":{"start":{"line":39,"column":18},"end":{"line":39,"column":20}},"21":{"start":{"line":42,"column":16},"end":{"line":49,"column":5}},"22":{"start":{"line":50,"column":27},"end":{"line":50,"column":64}},"23":{"start":{"line":53,"column":4},"end":{"line":68,"column":6}},"24":{"start":{"line":54,"column":24},"end":{"line":54,"column":73}},"25":{"start":{"line":54,"column":44},"end":{"line":54,"column":72}},"26":{"start":{"line":57,"column":8},"end":{"line":61,"column":10}},"27":{"start":{"line":57,"column":22},"end":{"line":61,"column":10}},"28":{"start":{"line":64,"column":8},"end":{"line":67,"column":9}},"29":{"start":{"line":65,"column":26},"end":{"line":65,"column":81}},"30":{"start":{"line":65,"column":51},"end":{"line":65,"column":79}},"31":{"start":{"line":66,"column":12},"end":{"line":66,"column":56}},"32":{"start":{"line":70,"column":4},"end":{"line":70,"column":17}},"33":{"start":{"line":74,"column":19},"end":{"line":79,"column":1}},"34":{"start":{"line":76,"column":16},"end":{"line":76,"column":73}},"35":{"start":{"line":77,"column":21},"end":{"line":77,"column":68}},"36":{"start":{"line":78,"column":4},"end":{"line":78,"column":35}},"37":{"start":{"line":82,"column":19},"end":{"line":92,"column":1}},"38":{"start":{"line":84,"column":16},"end":{"line":89,"column":68}},"39":{"start":{"line":91,"column":4},"end":{"line":91,"column":65}},"40":{"start":{"line":95,"column":20},"end":{"line":98,"column":1}},"41":{"start":{"line":96,"column":16},"end":{"line":96,"column":74}},"42":{"start":{"line":97,"column":4},"end":{"line":97,"column":51}},"43":{"start":{"line":101,"column":23},"end":{"line":104,"column":1}},"44":{"start":{"line":102,"column":15},"end":{"line":102,"column":75}},"45":{"start":{"line":103,"column":4},"end":{"line":103,"column":51}},"46":{"start":{"line":106,"column":0},"end":{"line":117,"column":2}}},"fnMap":{"0":{"name":"(anonymous_0)","decl":{"start":{"line":2,"column":19},"end":{"line":2,"column":20}},"loc":{"start":{"line":2,"column":47},"end":{"line":5,"column":1}},"line":2},"1":{"name":"(anonymous_1)","decl":{"start":{"line":8,"column":17},"end":{"line":8,"column":18}},"loc":{"start":{"line":8,"column":45},"end":{"line":12,"column":1}},"line":8},"2":{"name":"(anonymous_2)","decl":{"start":{"line":15,"column":25},"end":{"line":15,"column":26}},"loc":{"start":{"line":15,"column":56},"end":{"line":19,"column":1}},"line":15},"3":{"name":"(anonymous_3)","decl":{"start":{"line":22,"column":24},"end":{"line":22,"column":25}},"loc":{"start":{"line":22,"column":52},"end":{"line":26,"column":1}},"line":22},"4":{"name":"(anonymous_4)","decl":{"start":{"line":29,"column":23},"end":{"line":29,"column":24}},"loc":{"start":{"line":29,"column":48},"end":{"line":33,"column":1}},"line":29},"5":{"name":"(anonymous_5)","decl":{"start":{"line":37,"column":17},"end":{"line":37,"column":18}},"loc":{"start":{"line":37,"column":47},"end":{"line":71,"column":1}},"line":37},"6":{"name":"(anonymous_6)","decl":{"start":{"line":53,"column":24},"end":{"line":53,"column":25}},"loc":{"start":{"line":53,"column":36},"end":{"line":68,"column":5}},"line":53},"7":{"name":"(anonymous_7)","decl":{"start":{"line":54,"column":36},"end":{"line":54,"column":37}},"loc":{"start":{"line":54,"column":44},"end":{"line":54,"column":72}},"line":54},"8":{"name":"(anonymous_8)","decl":{"start":{"line":65,"column":43},"end":{"line":65,"column":44}},"loc":{"start":{"line":65,"column":51},"end":{"line":65,"column":79}},"line":65},"9":{"name":"(anonymous_9)","decl":{"start":{"line":74,"column":19},"end":{"line":74,"column":20}},"loc":{"start":{"line":74,"column":59},"end":{"line":79,"column":1}},"line":74},"10":{"name":"(anonymous_10)","decl":{"start":{"line":82,"column":19},"end":{"line":82,"column":20}},"loc":{"start":{"line":82,"column":54},"end":{"line":92,"column":1}},"line":82},"11":{"name":"(anonymous_11)","decl":{"start":{"line":95,"column":20},"end":{"line":95,"column":21}},"loc":{"start":{"line":95,"column":59},"end":{"line":98,"column":1}},"line":95},"12":{"name":"(anonymous_12)","decl":{"start":{"line":101,"column":23},"end":{"line":101,"column":24}},"loc":{"start":{"line":101,"column":62},"end":{"line":104,"column":1}},"line":101}},"branchMap":{"0":{"loc":{"start":{"line":57,"column":8},"end":{"line":61,"column":10}},"type":"if","locations":[{"start":{"line":57,"column":8},"end":{"line":61,"column":10}},{"start":{},"end":{}}],"line":57},"1":{"loc":{"start":{"line":60,"column":19},"end":{"line":60,"column":65}},"type":"cond-expr","locations":[{"start":{"line":60,"column":40},"end":{"line":60,"column":60}},{"start":{"line":60,"column":63},"end":{"line":60,"column":65}}],"line":60},"2":{"loc":{"start":{"line":64,"column":8},"end":{"line":67,"column":9}},"type":"if","locations":[{"start":{"line":64,"column":8},"end":{"line":67,"column":9}},{"start":{},"end":{}}],"line":64},"3":{"loc":{"start":{"line":84,"column":16},"end":{"line":89,"column":68}},"type":"cond-expr","locations":[{"start":{"line":85,"column":9},"end":{"line":88,"column":64}},{"start":{"line":89,"column":10},"end":{"line":89,"column":68}}],"line":84}},"s":{"0":1,"1":8,"2":8,"3":1,"4":9,"5":9,"6":8,"7":1,"8":6,"9":6,"10":6,"11":1,"12":0,"13":0,"14":0,"15":1,"16":0,"17":0,"18":0,"19":1,"20":4,"21":4,"22":4,"23":3,"24":3,"25":1,"26":3,"27":2,"28":3,"29":1,"30":1,"31":1,"32":3,"33":1,"34":2,"35":2,"36":1,"37":1,"38":3,"39":2,"40":1,"41":2,"42":2,"43":1,"44":2,"45":2,"46":1},"f":{"0":8,"1":9,"2":6,"3":0,"4":0,"5":4,"6":3,"7":1,"8":1,"9":2,"10":3,"11":2,"12":2},"b":{"0":[2,1],"1":[1,1],"2":[1,2],"3":[1,1]},"_coverageSchema":"1a1c01bbd47fc00a2c39e90264f33305004495a9","hash":"71b759dd79507bc4ce5c0a4f8c4d2696a44cea3b"}
,"/Users/mattallen/Development/list-app/backend/server.js": {"path":"/Users/mattallen/Development/list-app/backend/server.js","statementMap":{"0":{"start":{"line":1,"column":16},"end":{"line":1,"column":34}},"1":{"start":{"line":2,"column":0},"end":{"line":2,"column":27}},"2":{"start":{"line":3,"column":12},"end":{"line":3,"column":21}},"3":{"start":{"line":4,"column":13},"end":{"line":4,"column":28}},"4":{"start":{"line":5,"column":14},"end":{"line":5,"column":31}},"5":{"start":{"line":6,"column":18},"end":{"line":6,"column":47}},"6":{"start":{"line":9,"column":18},"end":{"line":9,"column":38}},"7":{"start":{"line":10,"column":16},"end":{"line":10,"column":33}},"8":{"start":{"line":11,"column":12},"end":{"line":11,"column":35}},"9":{"start":{"line":23,"column":4},"end":{"line":23,"column":29}},"10":{"start":{"line":25,"column":0},"end":{"line":25,"column":16}},"11":{"start":{"line":26,"column":0},"end":{"line":26,"column":24}},"12":{"start":{"line":29,"column":16},"end":{"line":34,"column":2}},"13":{"start":{"line":36,"column":0},"end":{"line":36,"column":16}},"14":{"start":{"line":39,"column":13},"end":{"line":44,"column":2}},"15":{"start":{"line":46,"column":20},"end":{"line":46,"column":34}},"16":{"start":{"line":49,"column":0},"end":{"line":49,"column":73}},"17":{"start":{"line":49,"column":41},"end":{"line":49,"column":71}},"18":{"start":{"line":52,"column":0},"end":{"line":86,"column":2}},"19":{"start":{"line":53,"column":19},"end":{"line":53,"column":27}},"20":{"start":{"line":55,"column":2},"end":{"line":55,"column":41}},"21":{"start":{"line":55,"column":13},"end":{"line":55,"column":41}},"22":{"start":{"line":57,"column":2},"end":{"line":58,"column":59}},"23":{"start":{"line":58,"column":4},"end":{"line":58,"column":59}},"24":{"start":{"line":61,"column":2},"end":{"line":62,"column":59}},"25":{"start":{"line":62,"column":4},"end":{"line":62,"column":59}},"26":{"start":{"line":65,"column":2},"end":{"line":66,"column":62}},"27":{"start":{"line":66,"column":4},"end":{"line":66,"column":62}},"28":{"start":{"line":69,"column":2},"end":{"line":85,"column":4}},"29":{"start":{"line":71,"column":4},"end":{"line":74,"column":5}},"30":{"start":{"line":72,"column":6},"end":{"line":72,"column":25}},"31":{"start":{"line":73,"column":6},"end":{"line":73,"column":70}},"32":{"start":{"line":77,"column":4},"end":{"line":84,"column":5}},"33":{"start":{"line":78,"column":6},"end":{"line":78,"column":27}},"34":{"start":{"line":79,"column":6},"end":{"line":79,"column":41}},"35":{"start":{"line":80,"column":6},"end":{"line":80,"column":45}},"36":{"start":{"line":82,"column":6},"end":{"line":82,"column":33}},"37":{"start":{"line":83,"column":6},"end":{"line":83,"column":50}},"38":{"start":{"line":89,"column":0},"end":{"line":148,"column":2}},"39":{"start":{"line":90,"column":29},"end":{"line":90,"column":37}},"40":{"start":{"line":93,"column":2},"end":{"line":147,"column":3}},"41":{"start":{"line":94,"column":17},"end":{"line":94,"column":50}},"42":{"start":{"line":96,"column":4},"end":{"line":143,"column":74}},"43":{"start":{"line":99,"column":6},"end":{"line":140,"column":8}},"44":{"start":{"line":100,"column":8},"end":{"line":100,"column":77}},"45":{"start":{"line":100,"column":17},"end":{"line":100,"column":77}},"46":{"start":{"line":103,"column":8},"end":{"line":136,"column":9}},"47":{"start":{"line":104,"column":30},"end":{"line":108,"column":11}},"48":{"start":{"line":111,"column":30},"end":{"line":115,"column":11}},"49":{"start":{"line":118,"column":31},"end":{"line":121,"column":11}},"50":{"start":{"line":124,"column":10},"end":{"line":128,"column":11}},"51":{"start":{"line":125,"column":12},"end":{"line":125,"column":76}},"52":{"start":{"line":127,"column":12},"end":{"line":127,"column":77}},"53":{"start":{"line":131,"column":10},"end":{"line":135,"column":13}},"54":{"start":{"line":138,"column":8},"end":{"line":138,"column":92}},"55":{"start":{"line":138,"column":22},"end":{"line":138,"column":92}},"56":{"start":{"line":143,"column":11},"end":{"line":143,"column":74}},"57":{"start":{"line":146,"column":4},"end":{"line":146,"column":48}},"58":{"start":{"line":150,"column":0},"end":{"line":185,"column":2}},"59":{"start":{"line":151,"column":23},"end":{"line":151,"column":44}},"60":{"start":{"line":154,"column":2},"end":{"line":154,"column":79}},"61":{"start":{"line":154,"column":21},"end":{"line":154,"column":79}},"62":{"start":{"line":157,"column":2},"end":{"line":184,"column":3}},"63":{"start":{"line":158,"column":18},"end":{"line":158,"column":65}},"64":{"start":{"line":160,"column":4},"end":{"line":160,"column":88}},"65":{"start":{"line":160,"column":28},"end":{"line":160,"column":88}},"66":{"start":{"line":163,"column":4},"end":{"line":178,"column":7}},"67":{"start":{"line":165,"column":6},"end":{"line":168,"column":7}},"68":{"start":{"line":166,"column":8},"end":{"line":166,"column":24}},"69":{"start":{"line":167,"column":8},"end":{"line":167,"column":35}},"70":{"start":{"line":170,"column":26},"end":{"line":174,"column":7}},"71":{"start":{"line":177,"column":6},"end":{"line":177,"column":49}},"72":{"start":{"line":182,"column":4},"end":{"line":182,"column":30}},"73":{"start":{"line":183,"column":4},"end":{"line":183,"column":48}},"74":{"start":{"line":187,"column":0},"end":{"line":212,"column":2}},"75":{"start":{"line":189,"column":27},"end":{"line":189,"column":35}},"76":{"start":{"line":192,"column":2},"end":{"line":192,"column":79}},"77":{"start":{"line":192,"column":21},"end":{"line":192,"column":79}},"78":{"start":{"line":195,"column":2},"end":{"line":210,"column":5}},"79":{"start":{"line":197,"column":4},"end":{"line":200,"column":5}},"80":{"start":{"line":198,"column":6},"end":{"line":198,"column":22}},"81":{"start":{"line":199,"column":6},"end":{"line":199,"column":61}},"82":{"start":{"line":203,"column":4},"end":{"line":209,"column":5}},"83":{"start":{"line":204,"column":6},"end":{"line":204,"column":49}},"84":{"start":{"line":205,"column":6},"end":{"line":205,"column":45}},"85":{"start":{"line":207,"column":6},"end":{"line":207,"column":33}},"86":{"start":{"line":208,"column":6},"end":{"line":208,"column":50}},"87":{"start":{"line":215,"column":0},"end":{"line":224,"column":2}},"88":{"start":{"line":217,"column":4},"end":{"line":223,"column":5}},"89":{"start":{"line":218,"column":25},"end":{"line":218,"column":64}},"90":{"start":{"line":219,"column":6},"end":{"line":219,"column":48}},"91":{"start":{"line":221,"column":6},"end":{"line":221,"column":43}},"92":{"start":{"line":222,"column":6},"end":{"line":222,"column":50}},"93":{"start":{"line":227,"column":0},"end":{"line":236,"column":2}},"94":{"start":{"line":228,"column":26},"end":{"line":228,"column":34}},"95":{"start":{"line":229,"column":5},"end":{"line":235,"column":5}},"96":{"start":{"line":230,"column":26},"end":{"line":230,"column":77}},"97":{"start":{"line":231,"column":6},"end":{"line":231,"column":45}},"98":{"start":{"line":233,"column":6},"end":{"line":233,"column":32}},"99":{"start":{"line":234,"column":6},"end":{"line":234,"column":50}},"100":{"start":{"line":239,"column":0},"end":{"line":249,"column":2}},"101":{"start":{"line":240,"column":19},"end":{"line":240,"column":27}},"102":{"start":{"line":241,"column":2},"end":{"line":247,"column":3}},"103":{"start":{"line":242,"column":3},"end":{"line":242,"column":50}},"104":{"start":{"line":243,"column":3},"end":{"line":243,"column":35}},"105":{"start":{"line":245,"column":4},"end":{"line":245,"column":31}},"106":{"start":{"line":246,"column":4},"end":{"line":246,"column":48}},"107":{"start":{"line":252,"column":0},"end":{"line":262,"column":2}},"108":{"start":{"line":253,"column":30},"end":{"line":253,"column":38}},"109":{"start":{"line":255,"column":4},"end":{"line":261,"column":5}},"110":{"start":{"line":256,"column":6},"end":{"line":256,"column":53}},"111":{"start":{"line":257,"column":6},"end":{"line":257,"column":38}},"112":{"start":{"line":259,"column":6},"end":{"line":259,"column":33}},"113":{"start":{"line":260,"column":6},"end":{"line":260,"column":50}},"114":{"start":{"line":265,"column":0},"end":{"line":276,"column":2}},"115":{"start":{"line":266,"column":30},"end":{"line":266,"column":38}},"116":{"start":{"line":268,"column":2},"end":{"line":274,"column":3}},"117":{"start":{"line":269,"column":4},"end":{"line":269,"column":54}},"118":{"start":{"line":270,"column":4},"end":{"line":270,"column":36}},"119":{"start":{"line":272,"column":4},"end":{"line":272,"column":31}},"120":{"start":{"line":273,"column":4},"end":{"line":273,"column":48}},"121":{"start":{"line":279,"column":0},"end":{"line":279,"column":21}}},"fnMap":{"0":{"name":"(anonymous_0)","decl":{"start":{"line":49,"column":28},"end":{"line":49,"column":29}},"loc":{"start":{"line":49,"column":41},"end":{"line":49,"column":71}},"line":49},"1":{"name":"(anonymous_1)","decl":{"start":{"line":52,"column":31},"end":{"line":52,"column":32}},"loc":{"start":{"line":52,"column":50},"end":{"line":86,"column":1}},"line":52},"2":{"name":"(anonymous_2)","decl":{"start":{"line":69,"column":32},"end":{"line":69,"column":33}},"loc":{"start":{"line":69,"column":52},"end":{"line":85,"column":3}},"line":69},"3":{"name":"(anonymous_3)","decl":{"start":{"line":89,"column":28},"end":{"line":89,"column":29}},"loc":{"start":{"line":89,"column":47},"end":{"line":148,"column":1}},"line":89},"4":{"name":"(anonymous_4)","decl":{"start":{"line":99,"column":49},"end":{"line":99,"column":50}},"loc":{"start":{"line":99,"column":72},"end":{"line":140,"column":7}},"line":99},"5":{"name":"(anonymous_5)","decl":{"start":{"line":150,"column":39},"end":{"line":150,"column":40}},"loc":{"start":{"line":150,"column":58},"end":{"line":185,"column":1}},"line":150},"6":{"name":"(anonymous_6)","decl":{"start":{"line":163,"column":63},"end":{"line":163,"column":64}},"loc":{"start":{"line":163,"column":75},"end":{"line":178,"column":5}},"line":163},"7":{"name":"(anonymous_7)","decl":{"start":{"line":187,"column":29},"end":{"line":187,"column":30}},"loc":{"start":{"line":187,"column":48},"end":{"line":212,"column":1}},"line":187},"8":{"name":"(anonymous_8)","decl":{"start":{"line":195,"column":59},"end":{"line":195,"column":60}},"loc":{"start":{"line":195,"column":77},"end":{"line":210,"column":3}},"line":195},"9":{"name":"(anonymous_9)","decl":{"start":{"line":215,"column":50},"end":{"line":215,"column":51}},"loc":{"start":{"line":215,"column":69},"end":{"line":224,"column":1}},"line":215},"10":{"name":"(anonymous_10)","decl":{"start":{"line":227,"column":53},"end":{"line":227,"column":54}},"loc":{"start":{"line":227,"column":73},"end":{"line":236,"column":1}},"line":227},"11":{"name":"(anonymous_11)","decl":{"start":{"line":239,"column":53},"end":{"line":239,"column":54}},"loc":{"start":{"line":239,"column":72},"end":{"line":249,"column":1}},"line":239},"12":{"name":"(anonymous_12)","decl":{"start":{"line":252,"column":55},"end":{"line":252,"column":56}},"loc":{"start":{"line":252,"column":74},"end":{"line":262,"column":1}},"line":252},"13":{"name":"(anonymous_13)","decl":{"start":{"line":265,"column":58},"end":{"line":265,"column":59}},"loc":{"start":{"line":265,"column":77},"end":{"line":276,"column":1}},"line":265}},"branchMap":{"0":{"loc":{"start":{"line":55,"column":2},"end":{"line":55,"column":41}},"type":"if","locations":[{"start":{"line":55,"column":2},"end":{"line":55,"column":41}},{"start":{},"end":{}}],"line":55},"1":{"loc":{"start":{"line":57,"column":2},"end":{"line":58,"column":59}},"type":"if","locations":[{"start":{"line":57,"column":2},"end":{"line":58,"column":59}},{"start":{},"end":{}}],"line":57},"2":{"loc":{"start":{"line":61,"column":2},"end":{"line":62,"column":59}},"type":"if","locations":[{"start":{"line":61,"column":2},"end":{"line":62,"column":59}},{"start":{},"end":{}}],"line":61},"3":{"loc":{"start":{"line":61,"column":6},"end":{"line":61,"column":46}},"type":"binary-expr","locations":[{"start":{"line":61,"column":6},"end":{"line":61,"column":17}},{"start":{"line":61,"column":21},"end":{"line":61,"column":46}}],"line":61},"4":{"loc":{"start":{"line":65,"column":2},"end":{"line":66,"column":62}},"type":"if","locations":[{"start":{"line":65,"column":2},"end":{"line":66,"column":62}},{"start":{},"end":{}}],"line":65},"5":{"loc":{"start":{"line":65,"column":6},"end":{"line":65,"column":44}},"type":"binary-expr","locations":[{"start":{"line":65,"column":6},"end":{"line":65,"column":20}},{"start":{"line":65,"column":24},"end":{"line":65,"column":44}}],"line":65},"6":{"loc":{"start":{"line":71,"column":4},"end":{"line":74,"column":5}},"type":"if","locations":[{"start":{"line":71,"column":4},"end":{"line":74,"column":5}},{"start":{},"end":{}}],"line":71},"7":{"loc":{"start":{"line":96,"column":4},"end":{"line":143,"column":74}},"type":"if","locations":[{"start":{"line":96,"column":4},"end":{"line":143,"column":74}},{"start":{"line":143,"column":11},"end":{"line":143,"column":74}}],"line":96},"8":{"loc":{"start":{"line":100,"column":8},"end":{"line":100,"column":77}},"type":"if","locations":[{"start":{"line":100,"column":8},"end":{"line":100,"column":77}},{"start":{},"end":{}}],"line":100},"9":{"loc":{"start":{"line":103,"column":8},"end":{"line":136,"column":9}},"type":"if","locations":[{"start":{"line":103,"column":8},"end":{"line":136,"column":9}},{"start":{},"end":{}}],"line":103},"10":{"loc":{"start":{"line":138,"column":8},"end":{"line":138,"column":92}},"type":"if","locations":[{"start":{"line":138,"column":8},"end":{"line":138,"column":92}},{"start":{},"end":{}}],"line":138},"11":{"loc":{"start":{"line":154,"column":2},"end":{"line":154,"column":79}},"type":"if","locations":[{"start":{"line":154,"column":2},"end":{"line":154,"column":79}},{"start":{},"end":{}}],"line":154},"12":{"loc":{"start":{"line":160,"column":4},"end":{"line":160,"column":88}},"type":"if","locations":[{"start":{"line":160,"column":4},"end":{"line":160,"column":88}},{"start":{},"end":{}}],"line":160},"13":{"loc":{"start":{"line":165,"column":6},"end":{"line":168,"column":7}},"type":"if","locations":[{"start":{"line":165,"column":6},"end":{"line":168,"column":7}},{"start":{},"end":{}}],"line":165},"14":{"loc":{"start":{"line":192,"column":2},"end":{"line":192,"column":79}},"type":"if","locations":[{"start":{"line":192,"column":2},"end":{"line":192,"column":79}},{"start":{},"end":{}}],"line":192},"15":{"loc":{"start":{"line":197,"column":4},"end":{"line":200,"column":5}},"type":"if","locations":[{"start":{"line":197,"column":4},"end":{"line":200,"column":5}},{"start":{},"end":{}}],"line":197}},"s":{"0":1,"1":1,"2":1,"3":1,"4":1,"5":1,"6":1,"7":1,"8":1,"9":1,"10":1,"11":1,"12":1,"13":1,"14":1,"15":1,"16":1,"17":1,"18":1,"19":13,"20":13,"21":1,"22":12,"23":1,"24":11,"25":1,"26":10,"27":2,"28":8,"29":8,"30":0,"31":0,"32":8,"33":8,"34":8,"35":3,"36":5,"37":5,"38":1,"39":9,"40":9,"41":9,"42":8,"43":7,"44":7,"45":0,"46":7,"47":6,"48":6,"49":6,"50":6,"51":6,"52":0,"53":6,"54":1,"55":1,"56":1,"57":1,"58":1,"59":0,"60":0,"61":0,"62":0,"63":0,"64":0,"65":0,"66":0,"67":0,"68":0,"69":0,"70":0,"71":0,"72":0,"73":0,"74":1,"75":0,"76":0,"77":0,"78":0,"79":0,"80":0,"81":0,"82":0,"83":0,"84":0,"85":0,"86":0,"87":1,"88":4,"89":4,"90":3,"91":1,"92":1,"93":1,"94":2,"95":2,"96":2,"97":1,"98":1,"99":1,"100":1,"101":3,"102":3,"103":3,"104":2,"105":1,"106":1,"107":1,"108":2,"109":2,"110":2,"111":1,"112":1,"113":1,"114":1,"115":2,"116":2,"117":2,"118":1,"119":1,"120":1,"121":1},"f":{"0":1,"1":13,"2":8,"3":9,"4":7,"5":0,"6":0,"7":0,"8":0,"9":4,"10":2,"11":3,"12":2,"13":2},"b":{"0":[1,12],"1":[1,11],"2":[1,10],"3":[11,11],"4":[2,8],"5":[10,8],"6":[0,8],"7":[7,1],"8":[0,7],"9":[6,1],"10":[1,0],"11":[0,0],"12":[0,0],"13":[0,0],"14":[0,0],"15":[0,0]},"_coverageSchema":"1a1c01bbd47fc00a2c39e90264f33305004495a9","hash":"a13a7a30324e1875191a8208a272cf6514b65cc8"}
}
