TN:
SF:dbController.js
FN:2,(anonymous_0)
FN:8,(anonymous_1)
FN:15,(anonymous_2)
FN:31,(anonymous_3)
FN:32,(anonymous_4)
FN:43,(anonymous_5)
FN:52,(anonymous_6)
FN:60,(anonymous_7)
FN:73,(anonymous_8)
FN:79,(anonymous_9)
FNF:10
FNH:10
FNDA:8,(anonymous_0)
FNDA:9,(anonymous_1)
FNDA:4,(anonymous_2)
FNDA:3,(anonymous_3)
FNDA:1,(anonymous_4)
FNDA:1,(anonymous_5)
FNDA:2,(anonymous_6)
FNDA:3,(anonymous_7)
FNDA:2,(anonymous_8)
FNDA:2,(anonymous_9)
DA:2,1
DA:3,8
DA:4,8
DA:8,1
DA:9,9
DA:10,9
DA:11,8
DA:15,1
DA:17,4
DA:20,4
DA:28,4
DA:31,3
DA:32,3
DA:35,3
DA:42,3
DA:43,1
DA:44,1
DA:48,3
DA:52,1
DA:54,2
DA:55,2
DA:56,1
DA:60,1
DA:62,3
DA:69,2
DA:73,1
DA:74,2
DA:75,2
DA:79,1
DA:80,2
DA:81,2
DA:84,1
LF:32
LH:32
BRDA:35,0,0,2
BRDA:35,0,1,1
BRDA:38,1,0,1
BRDA:38,1,1,1
BRDA:42,2,0,1
BRDA:42,2,1,2
BRDA:62,3,0,1
BRDA:62,3,1,1
BRF:8
BRH:8
end_of_record
TN:
SF:helpers.js
FN:3,(anonymous_0)
FN:11,(anonymous_1)
FN:18,(anonymous_2)
FNF:3
FNH:3
FNDA:15,(anonymous_0)
FNDA:14,(anonymous_1)
FNDA:11,(anonymous_2)
DA:1,1
DA:3,1
DA:5,15
DA:6,15
DA:9,15
DA:11,14
DA:12,14
DA:13,13
DA:14,13
DA:18,1
DA:19,11
DA:20,11
DA:23,1
LF:13
LH:13
BRDA:6,0,0,15
BRDA:6,0,1,14
BRDA:9,1,0,1
BRDA:9,1,1,14
BRDA:12,2,0,1
BRDA:12,2,1,13
BRF:6
BRH:6
end_of_record
TN:
SF:server.js
FN:35,(anonymous_0)
FN:38,(anonymous_1)
FN:55,(anonymous_2)
FN:75,(anonymous_3)
FN:85,(anonymous_4)
FN:116,(anonymous_5)
FN:128,(anonymous_6)
FN:140,(anonymous_7)
FN:153,(anonymous_8)
FN:166,(anonymous_9)
FNF:10
FNH:10
FNDA:1,(anonymous_0)
FNDA:13,(anonymous_1)
FNDA:8,(anonymous_2)
FNDA:9,(anonymous_3)
FNDA:7,(anonymous_4)
FNDA:4,(anonymous_5)
FNDA:2,(anonymous_6)
FNDA:3,(anonymous_7)
FNDA:2,(anonymous_8)
FNDA:2,(anonymous_9)
DA:1,1
DA:2,1
DA:3,1
DA:4,1
DA:5,1
DA:8,1
DA:9,1
DA:10,1
DA:19,1
DA:21,1
DA:22,1
DA:25,1
DA:32,1
DA:35,1
DA:38,1
DA:39,13
DA:41,13
DA:43,12
DA:44,1
DA:47,11
DA:48,1
DA:51,10
DA:52,2
DA:55,8
DA:57,8
DA:58,0
DA:59,0
DA:63,8
DA:64,8
DA:65,8
DA:66,3
DA:68,5
DA:69,5
DA:75,1
DA:76,9
DA:79,9
DA:80,9
DA:82,8
DA:85,7
DA:86,7
DA:89,7
DA:90,6
DA:95,6
DA:100,6
DA:103,1
DA:108,1
DA:111,1
DA:116,1
DA:118,4
DA:119,4
DA:120,3
DA:122,1
DA:123,1
DA:128,1
DA:129,2
DA:130,2
DA:131,2
DA:132,1
DA:134,1
DA:135,1
DA:140,1
DA:141,3
DA:142,3
DA:143,3
DA:144,2
DA:146,1
DA:147,1
DA:153,1
DA:154,2
DA:156,2
DA:157,2
DA:158,1
DA:160,1
DA:161,1
DA:166,1
DA:167,2
DA:169,2
DA:170,2
DA:171,1
DA:173,1
DA:174,1
DA:180,1
LF:82
LH:80
BRDA:41,0,0,1
BRDA:41,0,1,12
BRDA:43,1,0,1
BRDA:43,1,1,11
BRDA:47,2,0,1
BRDA:47,2,1,10
BRDA:47,3,0,11
BRDA:47,3,1,11
BRDA:51,4,0,2
BRDA:51,4,1,8
BRDA:51,5,0,10
BRDA:51,5,1,8
BRDA:57,6,0,0
BRDA:57,6,1,8
BRDA:82,7,0,7
BRDA:82,7,1,1
BRDA:86,8,0,0
BRDA:86,8,1,7
BRDA:89,9,0,6
BRDA:89,9,1,1
BRDA:103,10,0,1
BRDA:103,10,1,0
BRF:22
BRH:19
end_of_record
