TN:
SF:dbController.js
FN:2,(anonymous_0)
FN:8,(anonymous_1)
FN:15,(anonymous_2)
FN:22,(anonymous_3)
FN:29,(anonymous_4)
FN:37,(anonymous_5)
FN:53,(anonymous_6)
FN:54,(anonymous_7)
FN:65,(anonymous_8)
FN:74,(anonymous_9)
FN:82,(anonymous_10)
FN:95,(anonymous_11)
FN:101,(anonymous_12)
FNF:13
FNH:11
FNDA:8,(anonymous_0)
FNDA:9,(anonymous_1)
FNDA:6,(anonymous_2)
FNDA:0,(anonymous_3)
FNDA:0,(anonymous_4)
FNDA:4,(anonymous_5)
FNDA:3,(anonymous_6)
FNDA:1,(anonymous_7)
FNDA:1,(anonymous_8)
FNDA:2,(anonymous_9)
FNDA:3,(anonymous_10)
FNDA:2,(anonymous_11)
FNDA:2,(anonymous_12)
DA:2,1
DA:3,8
DA:4,8
DA:8,1
DA:9,9
DA:10,9
DA:11,8
DA:15,1
DA:16,6
DA:17,6
DA:18,6
DA:22,1
DA:23,0
DA:24,0
DA:25,0
DA:29,1
DA:30,0
DA:31,0
DA:32,0
DA:37,1
DA:39,4
DA:42,4
DA:50,4
DA:53,3
DA:54,3
DA:57,3
DA:64,3
DA:65,1
DA:66,1
DA:70,3
DA:74,1
DA:76,2
DA:77,2
DA:78,1
DA:82,1
DA:84,3
DA:91,2
DA:95,1
DA:96,2
DA:97,2
DA:101,1
DA:102,2
DA:103,2
DA:106,1
LF:44
LH:38
BRDA:57,0,0,2
BRDA:57,0,1,1
BRDA:60,1,0,1
BRDA:60,1,1,1
BRDA:64,2,0,1
BRDA:64,2,1,2
BRDA:84,3,0,1
BRDA:84,3,1,1
BRF:8
BRH:8
end_of_record
TN:
SF:server.js
FN:49,(anonymous_0)
FN:52,(anonymous_1)
FN:69,(anonymous_2)
FN:89,(anonymous_3)
FN:99,(anonymous_4)
FN:150,(anonymous_5)
FN:163,(anonymous_6)
FN:187,(anonymous_7)
FN:195,(anonymous_8)
FN:215,(anonymous_9)
FN:227,(anonymous_10)
FN:239,(anonymous_11)
FN:252,(anonymous_12)
FN:265,(anonymous_13)
FNF:14
FNH:10
FNDA:1,(anonymous_0)
FNDA:13,(anonymous_1)
FNDA:8,(anonymous_2)
FNDA:9,(anonymous_3)
FNDA:7,(anonymous_4)
FNDA:0,(anonymous_5)
FNDA:0,(anonymous_6)
FNDA:0,(anonymous_7)
FNDA:0,(anonymous_8)
FNDA:4,(anonymous_9)
FNDA:2,(anonymous_10)
FNDA:3,(anonymous_11)
FNDA:2,(anonymous_12)
FNDA:2,(anonymous_13)
DA:1,1
DA:2,1
DA:3,1
DA:4,1
DA:5,1
DA:6,1
DA:9,1
DA:10,1
DA:11,1
DA:23,1
DA:25,1
DA:26,1
DA:29,1
DA:36,1
DA:39,1
DA:46,1
DA:49,1
DA:52,1
DA:53,13
DA:55,13
DA:57,12
DA:58,1
DA:61,11
DA:62,1
DA:65,10
DA:66,2
DA:69,8
DA:71,8
DA:72,0
DA:73,0
DA:77,8
DA:78,8
DA:79,8
DA:80,3
DA:82,5
DA:83,5
DA:89,1
DA:90,9
DA:93,9
DA:94,9
DA:96,8
DA:99,7
DA:100,7
DA:103,7
DA:104,6
DA:111,6
DA:118,6
DA:124,6
DA:125,6
DA:127,0
DA:131,6
DA:138,1
DA:143,1
DA:146,1
DA:150,1
DA:151,0
DA:154,0
DA:157,0
DA:158,0
DA:160,0
DA:163,0
DA:165,0
DA:166,0
DA:167,0
DA:170,0
DA:177,0
DA:182,0
DA:183,0
DA:187,1
DA:189,0
DA:192,0
DA:195,0
DA:197,0
DA:198,0
DA:199,0
DA:203,0
DA:204,0
DA:205,0
DA:207,0
DA:208,0
DA:215,1
DA:217,4
DA:218,4
DA:219,3
DA:221,1
DA:222,1
DA:227,1
DA:228,2
DA:229,2
DA:230,2
DA:231,1
DA:233,1
DA:234,1
DA:239,1
DA:240,3
DA:241,3
DA:242,3
DA:243,2
DA:245,1
DA:246,1
DA:252,1
DA:253,2
DA:255,2
DA:256,2
DA:257,1
DA:259,1
DA:260,1
DA:265,1
DA:266,2
DA:268,2
DA:269,2
DA:270,1
DA:272,1
DA:273,1
DA:279,1
LF:115
LH:88
BRDA:55,0,0,1
BRDA:55,0,1,12
BRDA:57,1,0,1
BRDA:57,1,1,11
BRDA:61,2,0,1
BRDA:61,2,1,10
BRDA:61,3,0,11
BRDA:61,3,1,11
BRDA:65,4,0,2
BRDA:65,4,1,8
BRDA:65,5,0,10
BRDA:65,5,1,8
BRDA:71,6,0,0
BRDA:71,6,1,8
BRDA:96,7,0,7
BRDA:96,7,1,1
BRDA:100,8,0,0
BRDA:100,8,1,7
BRDA:103,9,0,6
BRDA:103,9,1,1
BRDA:138,10,0,1
BRDA:138,10,1,0
BRDA:154,11,0,0
BRDA:154,11,1,0
BRDA:160,12,0,0
BRDA:160,12,1,0
BRDA:165,13,0,0
BRDA:165,13,1,0
BRDA:192,14,0,0
BRDA:192,14,1,0
BRDA:197,15,0,0
BRDA:197,15,1,0
BRF:32
BRH:19
end_of_record
